Started GET "/" for 127.0.0.1 at 2018-09-09 19:15:10 -0400
Processing by Rails::WelcomeController#index as HTML
  Rendering /Users/poonamjadhav/.rvm/gems/ruby-2.5.1/gems/railties-5.2.1/lib/rails/templates/rails/welcome/index.html.erb
  Rendered /Users/poonamjadhav/.rvm/gems/ruby-2.5.1/gems/railties-5.2.1/lib/rails/templates/rails/welcome/index.html.erb (3.9ms)
Completed 200 OK in 25ms (Views: 13.1ms | ActiveRecord: 0.0ms)


Started GET "/" for 127.0.0.1 at 2018-09-09 19:28:07 -0400
Processing by PostsController#index as HTML
  Rendering posts/index.html.erb within layouts/application
  Rendered posts/index.html.erb within layouts/application (0.3ms)
Completed 200 OK in 735ms (Views: 732.2ms | ActiveRecord: 0.0ms)


Started GET "/about" for 127.0.0.1 at 2018-09-09 19:30:29 -0400
Processing by PagesController#about as HTML
  Rendering pages/about.html.erb within layouts/application
  Rendered pages/about.html.erb within layouts/application (0.4ms)
Completed 200 OK in 67ms (Views: 63.8ms | ActiveRecord: 0.0ms)


Started GET "/about" for 127.0.0.1 at 2018-09-09 19:32:39 -0400
Processing by PagesController#about as HTML
  Rendering pages/about.html.erb within layouts/application
  Rendered pages/about.html.erb within layouts/application (0.4ms)
Completed 200 OK in 28ms (Views: 24.4ms | ActiveRecord: 0.0ms)


Started GET "/about" for 127.0.0.1 at 2018-09-09 19:32:47 -0400
Processing by PagesController#about as HTML
  Rendering pages/about.html.erb within layouts/application
  Rendered pages/about.html.erb within layouts/application (0.3ms)
Completed 200 OK in 51ms (Views: 48.2ms | ActiveRecord: 0.0ms)


Started GET "/posts/new" for 127.0.0.1 at 2018-09-09 19:38:16 -0400
Processing by PostsController#new as HTML
  Rendering posts/new.html.erb within layouts/application
  Rendered posts/new.html.erb within layouts/application (0.3ms)
Completed 200 OK in 30ms (Views: 27.2ms | ActiveRecord: 0.0ms)


Started GET "/posts/new" for 127.0.0.1 at 2018-09-09 19:41:19 -0400
Processing by PostsController#new as HTML
  Rendering posts/new.html.erb within layouts/application
  Rendered posts/new.html.erb within layouts/application (178.2ms)
Completed 500 Internal Server Error in 191ms (ActiveRecord: 0.0ms)


  
ActionView::Template::Error (undefined method `taext_field' for #<ActionView::Helpers::FormBuilder:0x00007fa73ccea140>
Did you mean?  text_field):
    2: <%= form_for :post do |f| %>
    3: 	<p>
    4: 		<%= f.label :title %><br>
    5: 		<%= f.taext_field :title %>
    6: 	</p>
    7: 
    8: 	<p>
  
app/views/posts/new.html.erb:5:in `block in _app_views_posts_new_html_erb__435373737145103127_70178128173020'
app/views/posts/new.html.erb:2:in `_app_views_posts_new_html_erb__435373737145103127_70178128173020'
Started GET "/posts/new" for 127.0.0.1 at 2018-09-09 19:41:29 -0400
Processing by PostsController#new as HTML
  Rendering posts/new.html.erb within layouts/application
  Rendered posts/new.html.erb within layouts/application (3.6ms)
Completed 200 OK in 27ms (Views: 24.1ms | ActiveRecord: 0.0ms)


Started GET "/posts/new" for 127.0.0.1 at 2018-09-09 19:42:22 -0400
Processing by PostsController#new as HTML
  Rendering posts/new.html.erb within layouts/application
  Rendered posts/new.html.erb within layouts/application (1.3ms)
Completed 200 OK in 32ms (Views: 29.2ms | ActiveRecord: 0.0ms)


Started POST "/posts" for 127.0.0.1 at 2018-09-09 19:42:27 -0400
Processing by PostsController#create as HTML
  Parameters: {"utf8"=>"✓", "authenticity_token"=>"mvp1hqoBeE/HLv72YJEf/lVsjsiJgqZorUet1BNs4tj2qLy0VWpDPTvy1YQ+WlLwWQqiV78LA10oWsj+/CaKkQ==", "post"=>{"title"=>"test", "body"=>"test"}, "commit"=>"Save Post"}
  Rendering text template
  Rendered text template (0.0ms)
Completed 200 OK in 2ms (Views: 1.4ms | ActiveRecord: 0.0ms)


Started POST "/posts" for 127.0.0.1 at 2018-09-09 19:43:01 -0400
Processing by PostsController#create as HTML
  Parameters: {"utf8"=>"✓", "authenticity_token"=>"mvp1hqoBeE/HLv72YJEf/lVsjsiJgqZorUet1BNs4tj2qLy0VWpDPTvy1YQ+WlLwWQqiV78LA10oWsj+/CaKkQ==", "post"=>{"title"=>"test", "body"=>"test"}, "commit"=>"Save Post"}
  Rendering text template
  Rendered text template (0.0ms)
Completed 200 OK in 1ms (Views: 0.6ms | ActiveRecord: 0.0ms)


Started GET "/posts/new" for 127.0.0.1 at 2018-09-09 19:43:50 -0400
Processing by PostsController#new as HTML
  Rendering posts/new.html.erb within layouts/application
  Rendered posts/new.html.erb within layouts/application (16.2ms)
Completed 200 OK in 41ms (Views: 37.9ms | ActiveRecord: 0.0ms)


Started POST "/posts" for 127.0.0.1 at 2018-09-09 19:43:55 -0400
Processing by PostsController#create as HTML
  Parameters: {"utf8"=>"✓", "authenticity_token"=>"awf65N5sxY5EWJkd47QNec3yaGztIEn8Rk5/KwLF7pIHVTPWIQf+/LiEsm+9f0B3wZRE89up7MnDUxoB7Y+G2w==", "post"=>{"title"=>"test", "body"=>"test"}, "commit"=>"Save Post"}
  Rendering text template
  Rendered text template (0.0ms)
Completed 200 OK in 1ms (Views: 0.4ms | ActiveRecord: 0.0ms)


Started POST "/posts" for 127.0.0.1 at 2018-09-09 19:44:47 -0400
Processing by PostsController#create as HTML
  Parameters: {"utf8"=>"✓", "authenticity_token"=>"awf65N5sxY5EWJkd47QNec3yaGztIEn8Rk5/KwLF7pIHVTPWIQf+/LiEsm+9f0B3wZRE89up7MnDUxoB7Y+G2w==", "post"=>{"title"=>"test", "body"=>"test"}, "commit"=>"Save Post"}
  Rendering text template
  Rendered text template (0.0ms)
Completed 200 OK in 1ms (Views: 0.5ms | ActiveRecord: 0.0ms)


  [1m[35m (1.1ms)[0m  [1m[34mSELECT sqlite_version(*)[0m
  ↳ /Users/poonamjadhav/.rvm/gems/ruby-2.5.1/bin/rake:23
  [1m[35m (3.9ms)[0m  [1m[35mCREATE TABLE "schema_migrations" ("version" varchar NOT NULL PRIMARY KEY)[0m
  ↳ /Users/poonamjadhav/.rvm/gems/ruby-2.5.1/bin/rake:23
  [1m[35m (2.0ms)[0m  [1m[35mCREATE TABLE "ar_internal_metadata" ("key" varchar NOT NULL PRIMARY KEY, "value" varchar, "created_at" datetime NOT NULL, "updated_at" datetime NOT NULL)[0m
  ↳ /Users/poonamjadhav/.rvm/gems/ruby-2.5.1/bin/rake:23
  [1m[35m (0.1ms)[0m  [1m[34mSELECT "schema_migrations"."version" FROM "schema_migrations" ORDER BY "schema_migrations"."version" ASC[0m
  ↳ /Users/poonamjadhav/.rvm/gems/ruby-2.5.1/bin/rake:23
Migrating to CreatePosts (20180909234924)
  [1m[35m (0.0ms)[0m  [1m[36mbegin transaction[0m
  ↳ /Users/poonamjadhav/.rvm/gems/ruby-2.5.1/bin/rake:23
  [1m[35m (0.4ms)[0m  [1m[35mCREATE TABLE "posts" ("id" integer PRIMARY KEY AUTOINCREMENT NOT NULL, "title" varchar, "body" text, "created_at" datetime NOT NULL, "updated_at" datetime NOT NULL)[0m
  ↳ db/migrate/20180909234924_create_posts.rb:3
  [1m[36mActiveRecord::SchemaMigration Create (0.2ms)[0m  [1m[32mINSERT INTO "schema_migrations" ("version") VALUES (?)[0m  [["version", "20180909234924"]]
  ↳ /Users/poonamjadhav/.rvm/gems/ruby-2.5.1/bin/rake:23
  [1m[35m (1.3ms)[0m  [1m[36mcommit transaction[0m
  ↳ /Users/poonamjadhav/.rvm/gems/ruby-2.5.1/bin/rake:23
  [1m[36mActiveRecord::InternalMetadata Load (0.2ms)[0m  [1m[34mSELECT  "ar_internal_metadata".* FROM "ar_internal_metadata" WHERE "ar_internal_metadata"."key" = ? LIMIT ?[0m  [["key", "environment"], ["LIMIT", 1]]
  ↳ /Users/poonamjadhav/.rvm/gems/ruby-2.5.1/bin/rake:23
  [1m[35m (0.0ms)[0m  [1m[36mbegin transaction[0m
  ↳ /Users/poonamjadhav/.rvm/gems/ruby-2.5.1/bin/rake:23
  [1m[36mActiveRecord::InternalMetadata Create (0.3ms)[0m  [1m[32mINSERT INTO "ar_internal_metadata" ("key", "value", "created_at", "updated_at") VALUES (?, ?, ?, ?)[0m  [["key", "environment"], ["value", "development"], ["created_at", "2018-09-09 23:50:47.194057"], ["updated_at", "2018-09-09 23:50:47.194057"]]
  ↳ /Users/poonamjadhav/.rvm/gems/ruby-2.5.1/bin/rake:23
  [1m[35m (1.7ms)[0m  [1m[36mcommit transaction[0m
  ↳ /Users/poonamjadhav/.rvm/gems/ruby-2.5.1/bin/rake:23
  [1m[35m (0.2ms)[0m  [1m[34mSELECT "schema_migrations"."version" FROM "schema_migrations" ORDER BY "schema_migrations"."version" ASC[0m
  ↳ /Users/poonamjadhav/.rvm/gems/ruby-2.5.1/bin/rake:23
Started POST "/posts" for 127.0.0.1 at 2018-09-09 19:51:55 -0400
  [1m[35m (0.1ms)[0m  [1m[34mSELECT "schema_migrations"."version" FROM "schema_migrations" ORDER BY "schema_migrations"."version" ASC[0m
  ↳ /Users/poonamjadhav/.rvm/gems/ruby-2.5.1/gems/activerecord-5.2.1/lib/active_record/log_subscriber.rb:98
Processing by PostsController#create as HTML
  Parameters: {"utf8"=>"✓", "authenticity_token"=>"awf65N5sxY5EWJkd47QNec3yaGztIEn8Rk5/KwLF7pIHVTPWIQf+/LiEsm+9f0B3wZRE89up7MnDUxoB7Y+G2w==", "post"=>{"title"=>"test", "body"=>"test"}, "commit"=>"Save Post"}
Completed 500 Internal Server Error in 8ms (ActiveRecord: 0.6ms)


  
ActiveModel::ForbiddenAttributesError (ActiveModel::ForbiddenAttributesError):
  
app/controllers/posts_controller.rb:12:in `create'
Started GET "/posts/new" for 127.0.0.1 at 2018-09-09 19:59:22 -0400
Processing by PostsController#new as HTML
  Rendering posts/new.html.erb within layouts/application
  Rendered posts/new.html.erb within layouts/application (1.2ms)
Completed 200 OK in 25ms (Views: 22.5ms | ActiveRecord: 0.0ms)


Started POST "/posts" for 127.0.0.1 at 2018-09-09 19:59:29 -0400
Processing by PostsController#create as HTML
  Parameters: {"utf8"=>"✓", "authenticity_token"=>"r38iBC142JpjQDIyPkO0XZbHJZfMhs7PcistQXHCWXvDLes20hPj6J+cGUBgiPlTmqEJCPoPa/r3NkhrnogxMg==", "post"=>{"title"=>"Post one", "body"=>"One body"}, "commit"=>"Save Post"}
  [1m[35m (0.1ms)[0m  [1m[36mbegin transaction[0m
  ↳ app/controllers/posts_controller.rb:24
  [1m[36mPost Create (0.5ms)[0m  [1m[32mINSERT INTO "posts" ("title", "body", "created_at", "updated_at") VALUES (?, ?, ?, ?)[0m  [["title", "Post one"], ["body", "One body"], ["created_at", "2018-09-09 23:59:29.616972"], ["updated_at", "2018-09-09 23:59:29.616972"]]
  ↳ app/controllers/posts_controller.rb:24
  [1m[35m (1.6ms)[0m  [1m[36mcommit transaction[0m
  ↳ app/controllers/posts_controller.rb:24
Redirected to http://localhost:3000/posts/1
Completed 302 Found in 23ms (ActiveRecord: 2.8ms)


Started GET "/posts/1" for 127.0.0.1 at 2018-09-09 19:59:29 -0400
Processing by PostsController#show as HTML
  Parameters: {"id"=>"1"}
  [1m[36mPost Load (0.3ms)[0m  [1m[34mSELECT  "posts".* FROM "posts" WHERE "posts"."id" = ? LIMIT ?[0m  [["id", 1], ["LIMIT", 1]]
  ↳ app/controllers/posts_controller.rb:11
Completed 406 Not Acceptable in 139ms (ActiveRecord: 0.3ms)


  
ActionController::UnknownFormat (PostsController#show is missing a template for this request format and variant.

request.formats: ["text/html"]
request.variant: []

NOTE! For XHR/Ajax or API requests, this action would normally respond with 204 No Content: an empty white screen. Since you're loading it in a web browser, we assume that you expected to actually render a template, not nothing, so we're showing an error to be extra-clear. If you expect 204 No Content, carry on. That's what you'll get from an XHR or API request. Give it a shot.):
  
actionpack (5.2.1) lib/action_controller/metal/implicit_render.rb:55:in `default_render'
actionpack (5.2.1) lib/action_controller/metal/basic_implicit_render.rb:6:in `block in send_action'
actionpack (5.2.1) lib/action_controller/metal/basic_implicit_render.rb:6:in `tap'
actionpack (5.2.1) lib/action_controller/metal/basic_implicit_render.rb:6:in `send_action'
actionpack (5.2.1) lib/abstract_controller/base.rb:194:in `process_action'
actionpack (5.2.1) lib/action_controller/metal/rendering.rb:30:in `process_action'
actionpack (5.2.1) lib/abstract_controller/callbacks.rb:42:in `block in process_action'
activesupport (5.2.1) lib/active_support/callbacks.rb:132:in `run_callbacks'
actionpack (5.2.1) lib/abstract_controller/callbacks.rb:41:in `process_action'
actionpack (5.2.1) lib/action_controller/metal/rescue.rb:22:in `process_action'
actionpack (5.2.1) lib/action_controller/metal/instrumentation.rb:34:in `block in process_action'
activesupport (5.2.1) lib/active_support/notifications.rb:168:in `block in instrument'
activesupport (5.2.1) lib/active_support/notifications/instrumenter.rb:23:in `instrument'
activesupport (5.2.1) lib/active_support/notifications.rb:168:in `instrument'
actionpack (5.2.1) lib/action_controller/metal/instrumentation.rb:32:in `process_action'
actionpack (5.2.1) lib/action_controller/metal/params_wrapper.rb:256:in `process_action'
activerecord (5.2.1) lib/active_record/railties/controller_runtime.rb:24:in `process_action'
actionpack (5.2.1) lib/abstract_controller/base.rb:134:in `process'
actionview (5.2.1) lib/action_view/rendering.rb:32:in `process'
actionpack (5.2.1) lib/action_controller/metal.rb:191:in `dispatch'
actionpack (5.2.1) lib/action_controller/metal.rb:252:in `dispatch'
actionpack (5.2.1) lib/action_dispatch/routing/route_set.rb:52:in `dispatch'
actionpack (5.2.1) lib/action_dispatch/routing/route_set.rb:34:in `serve'
actionpack (5.2.1) lib/action_dispatch/journey/router.rb:52:in `block in serve'
actionpack (5.2.1) lib/action_dispatch/journey/router.rb:35:in `each'
actionpack (5.2.1) lib/action_dispatch/journey/router.rb:35:in `serve'
actionpack (5.2.1) lib/action_dispatch/routing/route_set.rb:840:in `call'
rack (2.0.5) lib/rack/tempfile_reaper.rb:15:in `call'
rack (2.0.5) lib/rack/etag.rb:25:in `call'
rack (2.0.5) lib/rack/conditional_get.rb:25:in `call'
rack (2.0.5) lib/rack/head.rb:12:in `call'
actionpack (5.2.1) lib/action_dispatch/http/content_security_policy.rb:18:in `call'
rack (2.0.5) lib/rack/session/abstract/id.rb:232:in `context'
rack (2.0.5) lib/rack/session/abstract/id.rb:226:in `call'
actionpack (5.2.1) lib/action_dispatch/middleware/cookies.rb:670:in `call'
activerecord (5.2.1) lib/active_record/migration.rb:559:in `call'
actionpack (5.2.1) lib/action_dispatch/middleware/callbacks.rb:28:in `block in call'
activesupport (5.2.1) lib/active_support/callbacks.rb:98:in `run_callbacks'
actionpack (5.2.1) lib/action_dispatch/middleware/callbacks.rb:26:in `call'
actionpack (5.2.1) lib/action_dispatch/middleware/executor.rb:14:in `call'
actionpack (5.2.1) lib/action_dispatch/middleware/debug_exceptions.rb:61:in `call'
web-console (3.7.0) lib/web_console/middleware.rb:135:in `call_app'
web-console (3.7.0) lib/web_console/middleware.rb:30:in `block in call'
web-console (3.7.0) lib/web_console/middleware.rb:20:in `catch'
web-console (3.7.0) lib/web_console/middleware.rb:20:in `call'
actionpack (5.2.1) lib/action_dispatch/middleware/show_exceptions.rb:33:in `call'
railties (5.2.1) lib/rails/rack/logger.rb:38:in `call_app'
railties (5.2.1) lib/rails/rack/logger.rb:26:in `block in call'
activesupport (5.2.1) lib/active_support/tagged_logging.rb:71:in `block in tagged'
activesupport (5.2.1) lib/active_support/tagged_logging.rb:28:in `tagged'
activesupport (5.2.1) lib/active_support/tagged_logging.rb:71:in `tagged'
railties (5.2.1) lib/rails/rack/logger.rb:26:in `call'
sprockets-rails (3.2.1) lib/sprockets/rails/quiet_assets.rb:13:in `call'
actionpack (5.2.1) lib/action_dispatch/middleware/remote_ip.rb:81:in `call'
actionpack (5.2.1) lib/action_dispatch/middleware/request_id.rb:27:in `call'
rack (2.0.5) lib/rack/method_override.rb:22:in `call'
rack (2.0.5) lib/rack/runtime.rb:22:in `call'
activesupport (5.2.1) lib/active_support/cache/strategy/local_cache_middleware.rb:29:in `call'
actionpack (5.2.1) lib/action_dispatch/middleware/executor.rb:14:in `call'
actionpack (5.2.1) lib/action_dispatch/middleware/static.rb:127:in `call'
rack (2.0.5) lib/rack/sendfile.rb:111:in `call'
railties (5.2.1) lib/rails/engine.rb:524:in `call'
puma (3.12.0) lib/puma/configuration.rb:225:in `call'
puma (3.12.0) lib/puma/server.rb:658:in `handle_request'
puma (3.12.0) lib/puma/server.rb:472:in `process_client'
puma (3.12.0) lib/puma/server.rb:332:in `block in run'
puma (3.12.0) lib/puma/thread_pool.rb:133:in `block in spawn_thread'
Started GET "/posts/1" for 127.0.0.1 at 2018-09-09 20:00:53 -0400
Processing by PostsController#show as HTML
  Parameters: {"id"=>"1"}
  [1m[36mPost Load (0.1ms)[0m  [1m[34mSELECT  "posts".* FROM "posts" WHERE "posts"."id" = ? LIMIT ?[0m  [["id", 1], ["LIMIT", 1]]
  ↳ app/controllers/posts_controller.rb:11
  Rendering posts/show.html.erb within layouts/application
  Rendered posts/show.html.erb within layouts/application (0.5ms)
Completed 200 OK in 26ms (Views: 22.6ms | ActiveRecord: 0.1ms)


Started GET "/" for 127.0.0.1 at 2018-09-09 20:05:24 -0400
Processing by PostsController#index as HTML
  Rendering posts/index.html.erb within layouts/application
  [1m[36mPost Load (0.3ms)[0m  [1m[34mSELECT "posts".* FROM "posts"[0m
  ↳ app/views/posts/index.html.erb:2
  Rendered posts/index.html.erb within layouts/application (6.9ms)
Completed 200 OK in 50ms (Views: 44.9ms | ActiveRecord: 0.8ms)


Started GET "/" for 127.0.0.1 at 2018-09-09 20:08:54 -0400
Processing by PostsController#index as HTML
  Rendering posts/index.html.erb within layouts/application
  [1m[36mPost Load (0.2ms)[0m  [1m[34mSELECT "posts".* FROM "posts"[0m
  ↳ app/views/posts/index.html.erb:2
  Rendered posts/index.html.erb within layouts/application (1.1ms)
Completed 200 OK in 35ms (Views: 32.2ms | ActiveRecord: 0.2ms)


Started GET "/" for 127.0.0.1 at 2018-09-09 20:08:56 -0400
Processing by PostsController#index as HTML
  Rendering posts/index.html.erb within layouts/application
  [1m[36mPost Load (0.2ms)[0m  [1m[34mSELECT "posts".* FROM "posts"[0m
  ↳ app/views/posts/index.html.erb:2
  Rendered posts/index.html.erb within layouts/application (1.1ms)
Completed 200 OK in 27ms (Views: 24.2ms | ActiveRecord: 0.2ms)


Started GET "/" for 127.0.0.1 at 2018-09-09 20:09:02 -0400
Processing by PostsController#index as HTML
  Rendering posts/index.html.erb within layouts/application
  [1m[36mPost Load (0.2ms)[0m  [1m[34mSELECT "posts".* FROM "posts"[0m
  ↳ app/views/posts/index.html.erb:2
  Rendered posts/index.html.erb within layouts/application (1.1ms)
Completed 200 OK in 28ms (Views: 24.4ms | ActiveRecord: 0.2ms)


Started GET "/" for 127.0.0.1 at 2018-09-09 20:09:26 -0400
Processing by PostsController#index as HTML
  Rendering posts/index.html.erb within layouts/application
  [1m[36mPost Load (0.2ms)[0m  [1m[34mSELECT "posts".* FROM "posts"[0m
  ↳ app/views/posts/index.html.erb:2
  Rendered posts/index.html.erb within layouts/application (1.2ms)
Completed 200 OK in 29ms (Views: 26.1ms | ActiveRecord: 0.2ms)


Started GET "/" for 127.0.0.1 at 2018-09-09 20:14:41 -0400
Processing by PostsController#index as HTML
  Rendering posts/index.html.erb within layouts/application
  [1m[36mPost Load (0.2ms)[0m  [1m[34mSELECT "posts".* FROM "posts"[0m
  ↳ app/views/posts/index.html.erb:2
  Rendered posts/index.html.erb within layouts/application (1.7ms)
Completed 500 Internal Server Error in 349ms (ActiveRecord: 0.2ms)


  
ActionView::Template::Error (undefined local variable or method `home_path' for #<#<Class:0x00007fa73cbb74f8>:0x00007fa73e83b318>):
    26:         </div>
    27:         <div id="navbar" class="collapse navbar-collapse">
    28:           <ul class="nav navbar-nav">
    29:             <li><%= link_to "Home", home_path %></li>
    30:           </ul>
    31:           <ul class="nav navbar-nav navbar-right">
    32:             <li><%= link_to "Create Post", new_post_path %></li>
  
app/views/layouts/application.html.erb:29:in `_app_views_layouts_application_html_erb___98801447206205994_70178165268120'
Started GET "/" for 127.0.0.1 at 2018-09-09 20:15:12 -0400
Processing by PostsController#index as HTML
  Rendering posts/index.html.erb within layouts/application
  [1m[36mPost Load (0.3ms)[0m  [1m[34mSELECT "posts".* FROM "posts"[0m
  ↳ app/views/posts/index.html.erb:2
  Rendered posts/index.html.erb within layouts/application (9.2ms)
Completed 200 OK in 52ms (Views: 45.7ms | ActiveRecord: 1.0ms)


Started GET "/" for 127.0.0.1 at 2018-09-09 20:18:14 -0400
Processing by PostsController#index as HTML
  Rendering posts/index.html.erb within layouts/application
  [1m[36mPost Load (0.2ms)[0m  [1m[34mSELECT "posts".* FROM "posts"[0m
  ↳ app/views/posts/index.html.erb:2
  Rendered posts/index.html.erb within layouts/application (1.7ms)
Completed 200 OK in 42ms (Views: 36.4ms | ActiveRecord: 0.2ms)


Started GET "/" for 127.0.0.1 at 2018-09-09 20:20:06 -0400
Processing by PostsController#index as HTML
  Rendering posts/index.html.erb within layouts/application
  [1m[36mPost Load (0.4ms)[0m  [1m[34mSELECT "posts".* FROM "posts"[0m
  ↳ app/views/posts/index.html.erb:2
  Rendered posts/index.html.erb within layouts/application (2.2ms)
Completed 200 OK in 45ms (Views: 40.9ms | ActiveRecord: 0.4ms)


Started GET "/" for 127.0.0.1 at 2018-09-09 20:20:39 -0400
Processing by PostsController#index as HTML
  Rendering posts/index.html.erb within layouts/application
  [1m[36mPost Load (0.2ms)[0m  [1m[34mSELECT "posts".* FROM "posts"[0m
  ↳ app/views/posts/index.html.erb:2
  Rendered posts/index.html.erb within layouts/application (1.4ms)
Completed 200 OK in 43ms (Views: 37.0ms | ActiveRecord: 0.2ms)


Started GET "/" for 127.0.0.1 at 2018-09-09 20:20:40 -0400
Processing by PostsController#index as HTML
  Rendering posts/index.html.erb within layouts/application
  [1m[36mPost Load (0.2ms)[0m  [1m[34mSELECT "posts".* FROM "posts"[0m
  ↳ app/views/posts/index.html.erb:2
  Rendered posts/index.html.erb within layouts/application (2.2ms)
Completed 200 OK in 49ms (Views: 43.7ms | ActiveRecord: 0.2ms)


Started GET "/" for 127.0.0.1 at 2018-09-09 20:20:43 -0400
Processing by PostsController#index as HTML
  Rendering posts/index.html.erb within layouts/application
  [1m[36mPost Load (0.2ms)[0m  [1m[34mSELECT "posts".* FROM "posts"[0m
  ↳ app/views/posts/index.html.erb:2
  Rendered posts/index.html.erb within layouts/application (1.5ms)
Completed 200 OK in 48ms (Views: 42.4ms | ActiveRecord: 0.2ms)


Started GET "/" for 127.0.0.1 at 2018-09-09 20:20:44 -0400
Processing by PostsController#index as HTML
  Rendering posts/index.html.erb within layouts/application
  [1m[36mPost Load (0.3ms)[0m  [1m[34mSELECT "posts".* FROM "posts"[0m
  ↳ app/views/posts/index.html.erb:2
  Rendered posts/index.html.erb within layouts/application (2.1ms)
Completed 200 OK in 47ms (Views: 42.3ms | ActiveRecord: 0.3ms)


Started GET "/" for 127.0.0.1 at 2018-09-09 20:20:45 -0400
Processing by PostsController#index as HTML
  Rendering posts/index.html.erb within layouts/application
  [1m[36mPost Load (0.2ms)[0m  [1m[34mSELECT "posts".* FROM "posts"[0m
  ↳ app/views/posts/index.html.erb:2
  Rendered posts/index.html.erb within layouts/application (1.9ms)
Completed 200 OK in 55ms (Views: 49.7ms | ActiveRecord: 0.2ms)


Started GET "/" for 127.0.0.1 at 2018-09-09 20:20:46 -0400
Processing by PostsController#index as HTML
  Rendering posts/index.html.erb within layouts/application
  [1m[36mPost Load (0.2ms)[0m  [1m[34mSELECT "posts".* FROM "posts"[0m
  ↳ app/views/posts/index.html.erb:2
  Rendered posts/index.html.erb within layouts/application (1.5ms)
Completed 200 OK in 45ms (Views: 40.7ms | ActiveRecord: 0.2ms)


Started GET "/posts/new" for 127.0.0.1 at 2018-09-09 20:20:47 -0400
Processing by PostsController#new as HTML
  Rendering posts/new.html.erb within layouts/application
  Rendered posts/new.html.erb within layouts/application (1.9ms)
Completed 200 OK in 42ms (Views: 37.2ms | ActiveRecord: 0.0ms)


Started POST "/posts" for 127.0.0.1 at 2018-09-09 20:20:53 -0400
Processing by PostsController#create as HTML
  Parameters: {"utf8"=>"✓", "authenticity_token"=>"YqWaUDldIbnyp2iZespMylGBSZ3kfPC1RIEFOY5l2PyyzpjEGXZ3A3O82eSvA8XcLIXKCEKw19ssWh9NSsPLFg==", "post"=>{"title"=>"test", "body"=>"test"}, "commit"=>"Save Post"}
  [1m[35m (0.1ms)[0m  [1m[36mbegin transaction[0m
  ↳ app/controllers/posts_controller.rb:24
  [1m[36mPost Create (0.6ms)[0m  [1m[32mINSERT INTO "posts" ("title", "body", "created_at", "updated_at") VALUES (?, ?, ?, ?)[0m  [["title", "test"], ["body", "test"], ["created_at", "2018-09-10 00:20:53.334823"], ["updated_at", "2018-09-10 00:20:53.334823"]]
  ↳ app/controllers/posts_controller.rb:24
  [1m[35m (1.7ms)[0m  [1m[36mcommit transaction[0m
  ↳ app/controllers/posts_controller.rb:24
Redirected to http://localhost:3000/posts/2
Completed 302 Found in 8ms (ActiveRecord: 2.4ms)


Started GET "/posts/2" for 127.0.0.1 at 2018-09-09 20:20:53 -0400
Processing by PostsController#show as HTML
  Parameters: {"id"=>"2"}
  [1m[36mPost Load (0.3ms)[0m  [1m[34mSELECT  "posts".* FROM "posts" WHERE "posts"."id" = ? LIMIT ?[0m  [["id", 2], ["LIMIT", 1]]
  ↳ app/controllers/posts_controller.rb:11
  Rendering posts/show.html.erb within layouts/application
  Rendered posts/show.html.erb within layouts/application (0.6ms)
Completed 200 OK in 45ms (Views: 39.2ms | ActiveRecord: 0.3ms)


Started GET "/" for 127.0.0.1 at 2018-09-09 20:20:55 -0400
Processing by PostsController#index as HTML
  Rendering posts/index.html.erb within layouts/application
  [1m[36mPost Load (0.2ms)[0m  [1m[34mSELECT "posts".* FROM "posts"[0m
  ↳ app/views/posts/index.html.erb:2
  Rendered posts/index.html.erb within layouts/application (1.6ms)
Completed 200 OK in 42ms (Views: 36.5ms | ActiveRecord: 0.2ms)


Started GET "/" for 127.0.0.1 at 2018-09-09 20:20:57 -0400
Processing by PostsController#index as HTML
  Rendering posts/index.html.erb within layouts/application
  [1m[36mPost Load (0.3ms)[0m  [1m[34mSELECT "posts".* FROM "posts"[0m
  ↳ app/views/posts/index.html.erb:2
  Rendered posts/index.html.erb within layouts/application (2.2ms)
Completed 200 OK in 44ms (Views: 39.0ms | ActiveRecord: 0.3ms)


Started GET "/" for 127.0.0.1 at 2018-09-09 20:20:58 -0400
Processing by PostsController#index as HTML
  Rendering posts/index.html.erb within layouts/application
  [1m[36mPost Load (0.2ms)[0m  [1m[34mSELECT "posts".* FROM "posts"[0m
  ↳ app/views/posts/index.html.erb:2
  Rendered posts/index.html.erb within layouts/application (1.8ms)
Completed 200 OK in 43ms (Views: 37.3ms | ActiveRecord: 0.2ms)


Started GET "/" for 127.0.0.1 at 2018-09-09 20:20:58 -0400
Processing by PostsController#index as HTML
  Rendering posts/index.html.erb within layouts/application
  [1m[36mPost Load (0.2ms)[0m  [1m[34mSELECT "posts".* FROM "posts"[0m
  ↳ app/views/posts/index.html.erb:2
  Rendered posts/index.html.erb within layouts/application (1.6ms)
Completed 200 OK in 46ms (Views: 41.3ms | ActiveRecord: 0.2ms)


Started GET "/" for 127.0.0.1 at 2018-09-09 20:22:04 -0400
Processing by PostsController#index as HTML
  Rendering posts/index.html.erb within layouts/application
  [1m[36mPost Load (0.3ms)[0m  [1m[34mSELECT "posts".* FROM "posts"[0m
  ↳ app/views/posts/index.html.erb:2
  Rendered posts/index.html.erb within layouts/application (1.9ms)
Completed 200 OK in 52ms (Views: 47.1ms | ActiveRecord: 0.3ms)


Started GET "/posts/new" for 127.0.0.1 at 2018-09-09 20:22:06 -0400
Processing by PostsController#new as HTML
  Rendering posts/new.html.erb within layouts/application
  Rendered posts/new.html.erb within layouts/application (1.9ms)
Completed 200 OK in 42ms (Views: 37.8ms | ActiveRecord: 0.0ms)


Started POST "/posts" for 127.0.0.1 at 2018-09-09 20:22:13 -0400
Processing by PostsController#create as HTML
  Parameters: {"utf8"=>"✓", "authenticity_token"=>"+eD/JEh5r5MDZtR8vzZBkMRQuESFs27qxomaA1bpPrkpi/2waFL5KYJ9ZQFq/8iGuVQ70SN/SYSuUoB3kk8tUw==", "post"=>{"title"=>"Post two", "body"=>"twice"}, "commit"=>"Save Post"}
  [1m[35m (0.1ms)[0m  [1m[36mbegin transaction[0m
  ↳ app/controllers/posts_controller.rb:24
  [1m[36mPost Create (0.7ms)[0m  [1m[32mINSERT INTO "posts" ("title", "body", "created_at", "updated_at") VALUES (?, ?, ?, ?)[0m  [["title", "Post two"], ["body", "twice"], ["created_at", "2018-09-10 00:22:13.464732"], ["updated_at", "2018-09-10 00:22:13.464732"]]
  ↳ app/controllers/posts_controller.rb:24
  [1m[35m (1.5ms)[0m  [1m[36mcommit transaction[0m
  ↳ app/controllers/posts_controller.rb:24
Redirected to http://localhost:3000/posts/3
Completed 302 Found in 6ms (ActiveRecord: 2.2ms)


Started GET "/posts/3" for 127.0.0.1 at 2018-09-09 20:22:13 -0400
Processing by PostsController#show as HTML
  Parameters: {"id"=>"3"}
  [1m[36mPost Load (0.2ms)[0m  [1m[34mSELECT  "posts".* FROM "posts" WHERE "posts"."id" = ? LIMIT ?[0m  [["id", 3], ["LIMIT", 1]]
  ↳ app/controllers/posts_controller.rb:11
  Rendering posts/show.html.erb within layouts/application
  Rendered posts/show.html.erb within layouts/application (0.6ms)
Completed 200 OK in 41ms (Views: 36.2ms | ActiveRecord: 0.2ms)


Started GET "/" for 127.0.0.1 at 2018-09-09 20:22:15 -0400
Processing by PostsController#index as HTML
  Rendering posts/index.html.erb within layouts/application
  [1m[36mPost Load (0.3ms)[0m  [1m[34mSELECT "posts".* FROM "posts"[0m
  ↳ app/views/posts/index.html.erb:2
  Rendered posts/index.html.erb within layouts/application (2.4ms)
Completed 200 OK in 42ms (Views: 36.9ms | ActiveRecord: 0.3ms)


Started GET "/posts/new" for 127.0.0.1 at 2018-09-09 20:25:36 -0400
Processing by PostsController#new as HTML
  Rendering posts/new.html.erb within layouts/application
  Rendered posts/new.html.erb within layouts/application (2.1ms)
Completed 500 Internal Server Error in 34ms (ActiveRecord: 0.0ms)


  
SyntaxError (/Users/poonamjadhav/Desktop/development/Ruby on Rails/Simpleblog/app/views/posts/new.html.erb:10: syntax error, unexpected ',', expecting ')'
...er.append=( f.text_area (:body, {:class => 'form-control'}) ...
...                              ^
/Users/poonamjadhav/Desktop/development/Ruby on Rails/Simpleblog/app/views/posts/new.html.erb:10: syntax error, unexpected '}', expecting ')'
...ody, {:class => 'form-control'}) );@output_buffer.safe_appen...
...                              ^
/Users/poonamjadhav/Desktop/development/Ruby on Rails/Simpleblog/app/views/posts/new.html.erb:16: syntax error, unexpected keyword_end, expecting ')'
'.freeze; end 
          ^~~
/Users/poonamjadhav/Desktop/development/Ruby on Rails/Simpleblog/app/views/posts/new.html.erb:19: syntax error, unexpected keyword_ensure, expecting ')'
          ensure
          ^~~~~~
/Users/poonamjadhav/Desktop/development/Ruby on Rails/Simpleblog/app/views/posts/new.html.erb:21: syntax error, unexpected keyword_end, expecting ')'
          end
          ^~~):
  
app/views/posts/new.html.erb:10: syntax error, unexpected ',', expecting ')'
app/views/posts/new.html.erb:10: syntax error, unexpected '}', expecting ')'
app/views/posts/new.html.erb:16: syntax error, unexpected keyword_end, expecting ')'
app/views/posts/new.html.erb:19: syntax error, unexpected keyword_ensure, expecting ')'
app/views/posts/new.html.erb:21: syntax error, unexpected keyword_end, expecting ')'
Started GET "/posts/new" for 127.0.0.1 at 2018-09-09 20:26:15 -0400
Processing by PostsController#new as HTML
  Rendering posts/new.html.erb within layouts/application
  Rendered posts/new.html.erb within layouts/application (1.9ms)
Completed 500 Internal Server Error in 37ms (ActiveRecord: 0.0ms)


  
SyntaxError (/Users/poonamjadhav/Desktop/development/Ruby on Rails/Simpleblog/app/views/posts/new.html.erb:10: syntax error, unexpected ',', expecting ')'
...er.append=( f.text_area (:body, {:class => 'form-control'}))...
...                              ^
/Users/poonamjadhav/Desktop/development/Ruby on Rails/Simpleblog/app/views/posts/new.html.erb:10: syntax error, unexpected '}', expecting ')'
...ody, {:class => 'form-control'}));@output_buffer.safe_append...
...                              ^
/Users/poonamjadhav/Desktop/development/Ruby on Rails/Simpleblog/app/views/posts/new.html.erb:16: syntax error, unexpected keyword_end, expecting ')'
'.freeze; end 
          ^~~
/Users/poonamjadhav/Desktop/development/Ruby on Rails/Simpleblog/app/views/posts/new.html.erb:19: syntax error, unexpected keyword_ensure, expecting ')'
          ensure
          ^~~~~~
/Users/poonamjadhav/Desktop/development/Ruby on Rails/Simpleblog/app/views/posts/new.html.erb:21: syntax error, unexpected keyword_end, expecting ')'
          end
          ^~~):
  
app/views/posts/new.html.erb:10: syntax error, unexpected ',', expecting ')'
app/views/posts/new.html.erb:10: syntax error, unexpected '}', expecting ')'
app/views/posts/new.html.erb:16: syntax error, unexpected keyword_end, expecting ')'
app/views/posts/new.html.erb:19: syntax error, unexpected keyword_ensure, expecting ')'
app/views/posts/new.html.erb:21: syntax error, unexpected keyword_end, expecting ')'
Started GET "/posts/new" for 127.0.0.1 at 2018-09-09 20:27:29 -0400
Processing by PostsController#new as HTML
  Rendering posts/new.html.erb within layouts/application
  Rendered posts/new.html.erb within layouts/application (1.6ms)
Completed 500 Internal Server Error in 31ms (ActiveRecord: 0.0ms)


  
SyntaxError (/Users/poonamjadhav/Desktop/development/Ruby on Rails/Simpleblog/app/views/posts/new.html.erb:10: syntax error, unexpected ',', expecting ')'
...er.append=( f.text_area (:body, {:class => 'form-control'}) ...
...                              ^
/Users/poonamjadhav/Desktop/development/Ruby on Rails/Simpleblog/app/views/posts/new.html.erb:10: syntax error, unexpected '}', expecting ')'
...ody, {:class => 'form-control'}) );@output_buffer.safe_appen...
...                              ^
/Users/poonamjadhav/Desktop/development/Ruby on Rails/Simpleblog/app/views/posts/new.html.erb:16: syntax error, unexpected keyword_end, expecting ')'
'.freeze; end 
          ^~~
/Users/poonamjadhav/Desktop/development/Ruby on Rails/Simpleblog/app/views/posts/new.html.erb:19: syntax error, unexpected keyword_ensure, expecting ')'
          ensure
          ^~~~~~
/Users/poonamjadhav/Desktop/development/Ruby on Rails/Simpleblog/app/views/posts/new.html.erb:21: syntax error, unexpected keyword_end, expecting ')'
          end
          ^~~):
  
app/views/posts/new.html.erb:10: syntax error, unexpected ',', expecting ')'
app/views/posts/new.html.erb:10: syntax error, unexpected '}', expecting ')'
app/views/posts/new.html.erb:16: syntax error, unexpected keyword_end, expecting ')'
app/views/posts/new.html.erb:19: syntax error, unexpected keyword_ensure, expecting ')'
app/views/posts/new.html.erb:21: syntax error, unexpected keyword_end, expecting ')'
Started GET "/posts/new" for 127.0.0.1 at 2018-09-09 20:27:52 -0400
Processing by PostsController#new as HTML
  Rendering posts/new.html.erb within layouts/application
  Rendered posts/new.html.erb within layouts/application (7.5ms)
Completed 200 OK in 152ms (Views: 136.0ms | ActiveRecord: 0.0ms)


Started GET "/" for 127.0.0.1 at 2018-09-09 20:28:04 -0400
Processing by PostsController#index as HTML
  Rendering posts/index.html.erb within layouts/application
  [1m[36mPost Load (0.4ms)[0m  [1m[34mSELECT "posts".* FROM "posts"[0m
  ↳ app/views/posts/index.html.erb:2
  Rendered posts/index.html.erb within layouts/application (3.0ms)
Completed 200 OK in 93ms (Views: 83.0ms | ActiveRecord: 0.4ms)


Started GET "/" for 127.0.0.1 at 2018-09-09 20:31:46 -0400
  
SyntaxError (/Users/poonamjadhav/Desktop/development/Ruby on Rails/Simpleblog/app/controllers/posts_controller.rb:34: syntax error, unexpected end-of-input, expecting keyword_end):
  
app/controllers/posts_controller.rb:34: syntax error, unexpected end-of-input, expecting keyword_end
Started GET "/" for 127.0.0.1 at 2018-09-09 20:32:42 -0400
Processing by PostsController#index as HTML
  Rendering posts/index.html.erb within layouts/application
  [1m[36mPost Load (0.2ms)[0m  [1m[34mSELECT "posts".* FROM "posts"[0m
  ↳ app/views/posts/index.html.erb:2
  Rendered posts/index.html.erb within layouts/application (9.8ms)
Completed 200 OK in 59ms (Views: 50.5ms | ActiveRecord: 0.9ms)


Started GET "/posts/new" for 127.0.0.1 at 2018-09-09 20:32:43 -0400
Processing by PostsController#new as HTML
  Rendering posts/new.html.erb within layouts/application
  Rendered posts/new.html.erb within layouts/application (2.8ms)
Completed 200 OK in 33ms (Views: 28.7ms | ActiveRecord: 0.0ms)


Started POST "/posts" for 127.0.0.1 at 2018-09-09 20:32:52 -0400
Processing by PostsController#create as HTML
  Parameters: {"utf8"=>"✓", "authenticity_token"=>"13NysMZfk2hRNkgcvugtr7iwPiYrqgxVNWFngGUnmkkHGHAk5nTF0tAt+WFrIaS5xbS9s41mKztdun30oYGJow==", "post"=>{"title"=>"test 3", "body"=>"tes three"}, "commit"=>"Save Post"}
  [1m[35m (0.1ms)[0m  [1m[36mbegin transaction[0m
  ↳ app/controllers/posts_controller.rb:25
  [1m[36mPost Create (0.6ms)[0m  [1m[32mINSERT INTO "posts" ("title", "body", "created_at", "updated_at") VALUES (?, ?, ?, ?)[0m  [["title", "test 3"], ["body", "tes three"], ["created_at", "2018-09-10 00:32:52.152746"], ["updated_at", "2018-09-10 00:32:52.152746"]]
  ↳ app/controllers/posts_controller.rb:25
  [1m[35m (1.3ms)[0m  [1m[36mcommit transaction[0m
  ↳ app/controllers/posts_controller.rb:25
Redirected to http://localhost:3000/posts/4
Completed 302 Found in 9ms (ActiveRecord: 2.0ms)


Started GET "/posts/4" for 127.0.0.1 at 2018-09-09 20:32:52 -0400
Processing by PostsController#show as HTML
  Parameters: {"id"=>"4"}
  [1m[36mPost Load (0.2ms)[0m  [1m[34mSELECT  "posts".* FROM "posts" WHERE "posts"."id" = ? LIMIT ?[0m  [["id", 4], ["LIMIT", 1]]
  ↳ app/controllers/posts_controller.rb:11
  Rendering posts/show.html.erb within layouts/application
  Rendered posts/show.html.erb within layouts/application (0.3ms)
Completed 200 OK in 28ms (Views: 24.6ms | ActiveRecord: 0.2ms)


Started GET "/" for 127.0.0.1 at 2018-09-09 20:32:54 -0400
Processing by PostsController#index as HTML
  Rendering posts/index.html.erb within layouts/application
  [1m[36mPost Load (0.2ms)[0m  [1m[34mSELECT "posts".* FROM "posts"[0m
  ↳ app/views/posts/index.html.erb:2
  Rendered posts/index.html.erb within layouts/application (1.3ms)
Completed 200 OK in 34ms (Views: 29.2ms | ActiveRecord: 0.2ms)


Started GET "/posts/new" for 127.0.0.1 at 2018-09-09 20:32:55 -0400
Processing by PostsController#new as HTML
  Rendering posts/new.html.erb within layouts/application
  Rendered posts/new.html.erb within layouts/application (1.4ms)
Completed 200 OK in 32ms (Views: 27.8ms | ActiveRecord: 0.0ms)


Started POST "/posts" for 127.0.0.1 at 2018-09-09 20:33:01 -0400
Processing by PostsController#create as HTML
  Parameters: {"utf8"=>"✓", "authenticity_token"=>"Php9NnObLb703yzviCW6n6U2nM/Q46ypRWAF48l1TnzucX+iU7B7BHXEnZJd7DOJ2DIfWnYvi8ctux+XDdNdlg==", "post"=>{"title"=>"6", "body"=>"ff"}, "commit"=>"Save Post"}
  [1m[35m (0.1ms)[0m  [1m[36mbegin transaction[0m
  ↳ app/controllers/posts_controller.rb:25
  [1m[35m (0.1ms)[0m  [1m[31mrollback transaction[0m
  ↳ app/controllers/posts_controller.rb:25
  Rendering posts/new.html.erb within layouts/application
  Rendered posts/new.html.erb within layouts/application (1.9ms)
Completed 200 OK in 33ms (Views: 30.6ms | ActiveRecord: 0.1ms)


Started POST "/posts" for 127.0.0.1 at 2018-09-09 20:33:03 -0400
Processing by PostsController#create as HTML
  Parameters: {"utf8"=>"✓", "authenticity_token"=>"KamAXIBRQmpbz/0ve8uSDarxHnoSqmQQiR4ZO49+CFJF+0lufzp5GKcT1l0lAN8Dppcy5SQjwSUMA3wRYDRgGw==", "post"=>{"title"=>"6", "body"=>"ff"}, "commit"=>"Save Post"}
  [1m[35m (0.1ms)[0m  [1m[36mbegin transaction[0m
  ↳ app/controllers/posts_controller.rb:25
  [1m[35m (0.0ms)[0m  [1m[31mrollback transaction[0m
  ↳ app/controllers/posts_controller.rb:25
  Rendering posts/new.html.erb within layouts/application
  Rendered posts/new.html.erb within layouts/application (1.8ms)
Completed 200 OK in 39ms (Views: 36.4ms | ActiveRecord: 0.1ms)


Started POST "/posts" for 127.0.0.1 at 2018-09-09 20:33:20 -0400
Processing by PostsController#create as HTML
  Parameters: {"utf8"=>"✓", "authenticity_token"=>"PDJo02SXWR/4swUXTjVzhhLA/bh87wPqs727UaUQ8ElQYKHhm/xibQRvLmUQ/j6IHqbRJ0pmpt82oN57SlqYAA==", "post"=>{"title"=>"", "body"=>""}, "commit"=>"Save Post"}
  [1m[35m (0.1ms)[0m  [1m[36mbegin transaction[0m
  ↳ app/controllers/posts_controller.rb:25
  [1m[35m (0.0ms)[0m  [1m[31mrollback transaction[0m
  ↳ app/controllers/posts_controller.rb:25
  Rendering posts/new.html.erb within layouts/application
  Rendered posts/new.html.erb within layouts/application (1.9ms)
Completed 200 OK in 33ms (Views: 30.4ms | ActiveRecord: 0.1ms)


Started POST "/posts" for 127.0.0.1 at 2018-09-09 20:33:20 -0400
Processing by PostsController#create as HTML
  Parameters: {"utf8"=>"✓", "authenticity_token"=>"b/MAp5TFtvD36w5ept04rRrooq2IAfVeICLn5RmeRoUDocmVa66Nggs3JSz4FnWjFo6OMr6IUGulP4LP9tQuzA==", "post"=>{"title"=>"", "body"=>""}, "commit"=>"Save Post"}
  [1m[35m (0.1ms)[0m  [1m[36mbegin transaction[0m
  ↳ app/controllers/posts_controller.rb:25
  [1m[35m (0.1ms)[0m  [1m[31mrollback transaction[0m
  ↳ app/controllers/posts_controller.rb:25
  Rendering posts/new.html.erb within layouts/application
  Rendered posts/new.html.erb within layouts/application (1.9ms)
Completed 200 OK in 32ms (Views: 29.3ms | ActiveRecord: 0.1ms)


Started POST "/posts" for 127.0.0.1 at 2018-09-09 20:33:20 -0400
Processing by PostsController#create as HTML
  Parameters: {"utf8"=>"✓", "authenticity_token"=>"webrxlPz50zdHXnPFBJ6IApfeQEFc0P6Q44aSG6MaWattCL0rJjcPiHBUr1K2TcuBjlVnjP65s/Gk39igcYBLw==", "post"=>{"title"=>"", "body"=>""}, "commit"=>"Save Post"}
  [1m[35m (0.1ms)[0m  [1m[36mbegin transaction[0m
  ↳ app/controllers/posts_controller.rb:25
  [1m[35m (0.1ms)[0m  [1m[31mrollback transaction[0m
  ↳ app/controllers/posts_controller.rb:25
  Rendering posts/new.html.erb within layouts/application
  Rendered posts/new.html.erb within layouts/application (1.7ms)
Completed 200 OK in 32ms (Views: 29.4ms | ActiveRecord: 0.1ms)


Started GET "/posts" for 127.0.0.1 at 2018-09-09 20:35:55 -0400
Processing by PostsController#index as HTML
  Rendering posts/index.html.erb within layouts/application
  [1m[36mPost Load (0.2ms)[0m  [1m[34mSELECT "posts".* FROM "posts"[0m
  ↳ app/views/posts/index.html.erb:2
  Rendered posts/index.html.erb within layouts/application (1.3ms)
Completed 200 OK in 29ms (Views: 25.9ms | ActiveRecord: 0.2ms)


Started GET "/posts/new" for 127.0.0.1 at 2018-09-09 20:35:57 -0400
Processing by PostsController#new as HTML
  Rendering posts/new.html.erb within layouts/application
  Rendered posts/new.html.erb within layouts/application (4.2ms)
Completed 500 Internal Server Error in 15ms (ActiveRecord: 0.0ms)


  
ActionView::Template::Error (undefined method `errors' for nil:NilClass):
    1: <h1>Add Post</h1>
    2: <%= form_for :post, url: posts_path do |f| %>
    3: 	<% if @posts.errors.any? %>
    4: 		<% @posts.errors.full_messages.each do |msg| %>
    5: 			<div class="alert alert-danger"><%= msg %></div>
    6: 		<% end %>
  
app/views/posts/new.html.erb:3:in `block in _app_views_posts_new_html_erb__435373737145103127_70178116218860'
app/views/posts/new.html.erb:2:in `_app_views_posts_new_html_erb__435373737145103127_70178116218860'
Started GET "/posts/new" for 127.0.0.1 at 2018-09-09 20:36:27 -0400
Processing by PostsController#new as HTML
  Rendering posts/new.html.erb within layouts/application
  Rendered posts/new.html.erb within layouts/application (4.6ms)
Completed 500 Internal Server Error in 15ms (ActiveRecord: 0.0ms)


  
ActionView::Template::Error (undefined method `errors' for nil:NilClass):
    1: <h1>Add Post</h1>
    2: <%= form_for :post, url: posts_path do |f| %>
    3: 	<% if @post.errors.any? %>
    4: 		<% @post.errors.full_messages.each do |msg| %>
    5: 			<div class="alert alert-danger"><%= msg %></div>
    6: 		<% end %>
  
app/views/posts/new.html.erb:3:in `block in _app_views_posts_new_html_erb__435373737145103127_70178119719100'
app/views/posts/new.html.erb:2:in `_app_views_posts_new_html_erb__435373737145103127_70178119719100'
Started GET "/posts/new" for 127.0.0.1 at 2018-09-09 20:38:34 -0400
Processing by PostsController#new as HTML
  Rendering posts/new.html.erb within layouts/application
  Rendered posts/new.html.erb within layouts/application (2.1ms)
Completed 200 OK in 33ms (Views: 23.9ms | ActiveRecord: 0.7ms)


Started POST "/posts" for 127.0.0.1 at 2018-09-09 20:38:35 -0400
Processing by PostsController#create as HTML
  Parameters: {"utf8"=>"✓", "authenticity_token"=>"2/mV3RTVNJ8tgiB0eeBcXtKkNIe3cEANBptXzzeKpgy3q1zv674P7dFeCwYnKxFQ3sIYGIH55TiDhjLl2MDORQ==", "post"=>{"title"=>"", "body"=>""}, "commit"=>"Save Post"}
  [1m[35m (0.1ms)[0m  [1m[36mbegin transaction[0m
  ↳ app/controllers/posts_controller.rb:26
  [1m[35m (0.1ms)[0m  [1m[31mrollback transaction[0m
  ↳ app/controllers/posts_controller.rb:26
  Rendering posts/new.html.erb within layouts/application
  Rendered posts/new.html.erb within layouts/application (2.1ms)
Completed 200 OK in 34ms (Views: 31.6ms | ActiveRecord: 0.1ms)


Started GET "/" for 127.0.0.1 at 2018-09-09 20:38:45 -0400
Processing by PostsController#index as HTML
  Rendering posts/index.html.erb within layouts/application
  [1m[36mPost Load (0.2ms)[0m  [1m[34mSELECT "posts".* FROM "posts"[0m
  ↳ app/views/posts/index.html.erb:2
  Rendered posts/index.html.erb within layouts/application (1.6ms)
Completed 200 OK in 30ms (Views: 26.6ms | ActiveRecord: 0.2ms)


Started GET "/" for 127.0.0.1 at 2018-09-09 20:40:36 -0400
Processing by PostsController#index as HTML
  Rendering posts/index.html.erb within layouts/application
  [1m[36mPost Load (0.2ms)[0m  [1m[34mSELECT "posts".* FROM "posts"[0m
  ↳ app/views/posts/index.html.erb:2
  Rendered posts/index.html.erb within layouts/application (1.4ms)
Completed 200 OK in 35ms (Views: 32.6ms | ActiveRecord: 0.2ms)


Started GET "/posts/1" for 127.0.0.1 at 2018-09-09 20:40:37 -0400
Processing by PostsController#show as HTML
  Parameters: {"id"=>"1"}
  [1m[36mPost Load (0.3ms)[0m  [1m[34mSELECT  "posts".* FROM "posts" WHERE "posts"."id" = ? LIMIT ?[0m  [["id", 1], ["LIMIT", 1]]
  ↳ app/controllers/posts_controller.rb:12
  Rendering posts/show.html.erb within layouts/application
  Rendered posts/show.html.erb within layouts/application (0.4ms)
Completed 200 OK in 34ms (Views: 27.8ms | ActiveRecord: 0.3ms)


Started GET "/posts/2" for 127.0.0.1 at 2018-09-09 20:40:41 -0400
Processing by PostsController#show as HTML
  Parameters: {"id"=>"2"}
  [1m[36mPost Load (0.1ms)[0m  [1m[34mSELECT  "posts".* FROM "posts" WHERE "posts"."id" = ? LIMIT ?[0m  [["id", 2], ["LIMIT", 1]]
  ↳ app/controllers/posts_controller.rb:12
  Rendering posts/show.html.erb within layouts/application
  Rendered posts/show.html.erb within layouts/application (0.4ms)
Completed 200 OK in 30ms (Views: 26.4ms | ActiveRecord: 0.1ms)


Started GET "/posts/4" for 127.0.0.1 at 2018-09-09 20:40:44 -0400
Processing by PostsController#show as HTML
  Parameters: {"id"=>"4"}
  [1m[36mPost Load (0.5ms)[0m  [1m[34mSELECT  "posts".* FROM "posts" WHERE "posts"."id" = ? LIMIT ?[0m  [["id", 4], ["LIMIT", 1]]
  ↳ app/controllers/posts_controller.rb:12
  Rendering posts/show.html.erb within layouts/application
  Rendered posts/show.html.erb within layouts/application (0.4ms)
Completed 200 OK in 31ms (Views: 27.1ms | ActiveRecord: 0.5ms)


Started GET "/" for 127.0.0.1 at 2018-09-09 20:43:51 -0400
Processing by PostsController#index as HTML
  Rendering posts/index.html.erb within layouts/application
  [1m[36mPost Load (0.2ms)[0m  [1m[34mSELECT "posts".* FROM "posts"[0m
  ↳ app/views/posts/index.html.erb:2
  Rendered posts/index.html.erb within layouts/application (6.8ms)
Completed 200 OK in 35ms (Views: 29.7ms | ActiveRecord: 0.7ms)


Started GET "/posts/1" for 127.0.0.1 at 2018-09-09 20:43:53 -0400
Processing by PostsController#show as HTML
  Parameters: {"id"=>"1"}
  [1m[36mPost Load (0.2ms)[0m  [1m[34mSELECT  "posts".* FROM "posts" WHERE "posts"."id" = ? LIMIT ?[0m  [["id", 1], ["LIMIT", 1]]
  ↳ app/controllers/posts_controller.rb:12
  Rendering posts/show.html.erb within layouts/application
  Rendered posts/show.html.erb within layouts/application (0.7ms)
Completed 200 OK in 38ms (Views: 32.8ms | ActiveRecord: 0.2ms)


Started GET "/posts/1/edit" for 127.0.0.1 at 2018-09-09 20:43:54 -0400
Processing by PostsController#edit as HTML
  Parameters: {"id"=>"1"}
  [1m[36mPost Load (0.4ms)[0m  [1m[34mSELECT  "posts".* FROM "posts" WHERE "posts"."id" = ? LIMIT ?[0m  [["id", 1], ["LIMIT", 1]]
  ↳ app/controllers/posts_controller.rb:34
  Rendering posts/edit.html.erb within layouts/application
  Rendered posts/edit.html.erb within layouts/application (3.1ms)
Completed 200 OK in 40ms (Views: 34.8ms | ActiveRecord: 0.4ms)


Started PATCH "/posts/1" for 127.0.0.1 at 2018-09-09 20:44:01 -0400
  
AbstractController::ActionNotFound (The action 'update' could not be found for PostsController):
  
actionpack (5.2.1) lib/abstract_controller/base.rb:129:in `process'
actionview (5.2.1) lib/action_view/rendering.rb:32:in `process'
actionpack (5.2.1) lib/action_controller/metal.rb:191:in `dispatch'
actionpack (5.2.1) lib/action_controller/metal.rb:252:in `dispatch'
actionpack (5.2.1) lib/action_dispatch/routing/route_set.rb:52:in `dispatch'
actionpack (5.2.1) lib/action_dispatch/routing/route_set.rb:34:in `serve'
actionpack (5.2.1) lib/action_dispatch/journey/router.rb:52:in `block in serve'
actionpack (5.2.1) lib/action_dispatch/journey/router.rb:35:in `each'
actionpack (5.2.1) lib/action_dispatch/journey/router.rb:35:in `serve'
actionpack (5.2.1) lib/action_dispatch/routing/route_set.rb:840:in `call'
rack (2.0.5) lib/rack/tempfile_reaper.rb:15:in `call'
rack (2.0.5) lib/rack/etag.rb:25:in `call'
rack (2.0.5) lib/rack/conditional_get.rb:38:in `call'
rack (2.0.5) lib/rack/head.rb:12:in `call'
actionpack (5.2.1) lib/action_dispatch/http/content_security_policy.rb:18:in `call'
rack (2.0.5) lib/rack/session/abstract/id.rb:232:in `context'
rack (2.0.5) lib/rack/session/abstract/id.rb:226:in `call'
actionpack (5.2.1) lib/action_dispatch/middleware/cookies.rb:670:in `call'
activerecord (5.2.1) lib/active_record/migration.rb:559:in `call'
actionpack (5.2.1) lib/action_dispatch/middleware/callbacks.rb:28:in `block in call'
activesupport (5.2.1) lib/active_support/callbacks.rb:98:in `run_callbacks'
actionpack (5.2.1) lib/action_dispatch/middleware/callbacks.rb:26:in `call'
actionpack (5.2.1) lib/action_dispatch/middleware/executor.rb:14:in `call'
actionpack (5.2.1) lib/action_dispatch/middleware/debug_exceptions.rb:61:in `call'
web-console (3.7.0) lib/web_console/middleware.rb:135:in `call_app'
web-console (3.7.0) lib/web_console/middleware.rb:30:in `block in call'
web-console (3.7.0) lib/web_console/middleware.rb:20:in `catch'
web-console (3.7.0) lib/web_console/middleware.rb:20:in `call'
actionpack (5.2.1) lib/action_dispatch/middleware/show_exceptions.rb:33:in `call'
railties (5.2.1) lib/rails/rack/logger.rb:38:in `call_app'
railties (5.2.1) lib/rails/rack/logger.rb:26:in `block in call'
activesupport (5.2.1) lib/active_support/tagged_logging.rb:71:in `block in tagged'
activesupport (5.2.1) lib/active_support/tagged_logging.rb:28:in `tagged'
activesupport (5.2.1) lib/active_support/tagged_logging.rb:71:in `tagged'
railties (5.2.1) lib/rails/rack/logger.rb:26:in `call'
sprockets-rails (3.2.1) lib/sprockets/rails/quiet_assets.rb:13:in `call'
actionpack (5.2.1) lib/action_dispatch/middleware/remote_ip.rb:81:in `call'
actionpack (5.2.1) lib/action_dispatch/middleware/request_id.rb:27:in `call'
rack (2.0.5) lib/rack/method_override.rb:22:in `call'
rack (2.0.5) lib/rack/runtime.rb:22:in `call'
activesupport (5.2.1) lib/active_support/cache/strategy/local_cache_middleware.rb:29:in `call'
actionpack (5.2.1) lib/action_dispatch/middleware/executor.rb:14:in `call'
actionpack (5.2.1) lib/action_dispatch/middleware/static.rb:127:in `call'
rack (2.0.5) lib/rack/sendfile.rb:111:in `call'
railties (5.2.1) lib/rails/engine.rb:524:in `call'
puma (3.12.0) lib/puma/configuration.rb:225:in `call'
puma (3.12.0) lib/puma/server.rb:658:in `handle_request'
puma (3.12.0) lib/puma/server.rb:472:in `process_client'
puma (3.12.0) lib/puma/server.rb:332:in `block in run'
puma (3.12.0) lib/puma/thread_pool.rb:133:in `block in spawn_thread'
Started PATCH "/posts/1" for 127.0.0.1 at 2018-09-09 20:45:12 -0400
Processing by PostsController#update as HTML
  Parameters: {"utf8"=>"✓", "authenticity_token"=>"I5OU7aEGepe/pQG/3ArgfBHq9MA4BOrydB0KlFhjj4ZPwV3fXm1B5UN5Ks2Cwa1yHYzYXw6NT8fxAG++tynnzw==", "post"=>{"title"=>"Post one", "body"=>"Post one body"}, "commit"=>"Save Post", "id"=>"1"}
  [1m[36mPost Load (0.1ms)[0m  [1m[34mSELECT  "posts".* FROM "posts" WHERE "posts"."id" = ? LIMIT ?[0m  [["id", 1], ["LIMIT", 1]]
  ↳ app/controllers/posts_controller.rb:39
  [1m[35m (0.1ms)[0m  [1m[36mbegin transaction[0m
  ↳ app/controllers/posts_controller.rb:41
  [1m[36mPost Update (0.9ms)[0m  [1m[33mUPDATE "posts" SET "body" = ?, "updated_at" = ? WHERE "posts"."id" = ?[0m  [["body", "Post one body"], ["updated_at", "2018-09-10 00:45:12.730736"], ["id", 1]]
  ↳ app/controllers/posts_controller.rb:41
  [1m[35m (0.5ms)[0m  [1m[36mcommit transaction[0m
  ↳ app/controllers/posts_controller.rb:41
Redirected to http://localhost:3000/posts/1
Completed 302 Found in 12ms (ActiveRecord: 2.3ms)


Started GET "/posts/1" for 127.0.0.1 at 2018-09-09 20:45:12 -0400
Processing by PostsController#show as HTML
  Parameters: {"id"=>"1"}
  [1m[36mPost Load (0.1ms)[0m  [1m[34mSELECT  "posts".* FROM "posts" WHERE "posts"."id" = ? LIMIT ?[0m  [["id", 1], ["LIMIT", 1]]
  ↳ app/controllers/posts_controller.rb:12
  Rendering posts/show.html.erb within layouts/application
  Rendered posts/show.html.erb within layouts/application (0.6ms)
Completed 200 OK in 34ms (Views: 30.8ms | ActiveRecord: 0.1ms)


Started GET "/" for 127.0.0.1 at 2018-09-09 20:45:15 -0400
Processing by PostsController#index as HTML
  Rendering posts/index.html.erb within layouts/application
  [1m[36mPost Load (0.2ms)[0m  [1m[34mSELECT "posts".* FROM "posts"[0m
  ↳ app/views/posts/index.html.erb:2
  Rendered posts/index.html.erb within layouts/application (1.9ms)
Completed 200 OK in 42ms (Views: 38.7ms | ActiveRecord: 0.2ms)


Started GET "/" for 127.0.0.1 at 2018-09-09 20:48:06 -0400
Processing by PostsController#index as HTML
  Rendering posts/index.html.erb within layouts/application
  [1m[36mPost Load (0.2ms)[0m  [1m[34mSELECT "posts".* FROM "posts"[0m
  ↳ app/views/posts/index.html.erb:2
  Rendered posts/index.html.erb within layouts/application (9.9ms)
Completed 200 OK in 59ms (Views: 52.4ms | ActiveRecord: 1.2ms)


Started GET "/posts/2" for 127.0.0.1 at 2018-09-09 20:48:09 -0400
Processing by PostsController#show as HTML
  Parameters: {"id"=>"2"}
  [1m[36mPost Load (0.2ms)[0m  [1m[34mSELECT  "posts".* FROM "posts" WHERE "posts"."id" = ? LIMIT ?[0m  [["id", 2], ["LIMIT", 1]]
  ↳ app/controllers/posts_controller.rb:12
  Rendering posts/show.html.erb within layouts/application
  Rendered posts/show.html.erb within layouts/application (1.4ms)
Completed 200 OK in 50ms (Views: 44.0ms | ActiveRecord: 0.2ms)


Started DELETE "/posts/2" for 127.0.0.1 at 2018-09-09 20:48:13 -0400
Processing by PostsController#destroy as HTML
  Parameters: {"authenticity_token"=>"Edi42HXjYXJZGyAcdzDAmSIZbW8eS7mkvqzJ6tfDEqh9inHqiohaAKXHC24p+42XLn9B8CjCHJE7sazAOIl64Q==", "id"=>"2"}
  [1m[36mPost Load (0.1ms)[0m  [1m[34mSELECT  "posts".* FROM "posts" WHERE "posts"."id" = ? LIMIT ?[0m  [["id", 2], ["LIMIT", 1]]
  ↳ app/controllers/posts_controller.rb:49
  [1m[35m (0.0ms)[0m  [1m[36mbegin transaction[0m
  ↳ app/controllers/posts_controller.rb:51
  [1m[36mPost Destroy (5.6ms)[0m  [1m[31mDELETE FROM "posts" WHERE "posts"."id" = ?[0m  [["id", 2]]
  ↳ app/controllers/posts_controller.rb:51
  [1m[35m (1.2ms)[0m  [1m[36mcommit transaction[0m
  ↳ app/controllers/posts_controller.rb:51
Redirected to http://localhost:3000/posts
Completed 302 Found in 10ms (ActiveRecord: 7.0ms)


Started GET "/posts" for 127.0.0.1 at 2018-09-09 20:48:13 -0400
Processing by PostsController#index as HTML
  Rendering posts/index.html.erb within layouts/application
  [1m[36mPost Load (0.2ms)[0m  [1m[34mSELECT "posts".* FROM "posts"[0m
  ↳ app/views/posts/index.html.erb:2
  Rendered posts/index.html.erb within layouts/application (1.5ms)
Completed 200 OK in 28ms (Views: 24.6ms | ActiveRecord: 0.2ms)


  [1m[35m (0.1ms)[0m  [1m[34mSELECT "schema_migrations"."version" FROM "schema_migrations" ORDER BY "schema_migrations"."version" ASC[0m
  ↳ /Users/poonamjadhav/.rvm/gems/ruby-2.5.1/bin/rake:23
Migrating to CreateComments (20180910004923)
  [1m[35m (0.1ms)[0m  [1m[36mbegin transaction[0m
  ↳ /Users/poonamjadhav/.rvm/gems/ruby-2.5.1/bin/rake:23
  [1m[35m (0.1ms)[0m  [1m[34mSELECT sqlite_version(*)[0m
  ↳ db/migrate/20180910004923_create_comments.rb:3
  [1m[35m (0.4ms)[0m  [1m[35mCREATE TABLE "comments" ("id" integer PRIMARY KEY AUTOINCREMENT NOT NULL, "username" varchar, "body" text, "post_id" integer, "created_at" datetime NOT NULL, "updated_at" datetime NOT NULL, CONSTRAINT "fk_rails_2fd19c0db7"
FOREIGN KEY ("post_id")
  REFERENCES "posts" ("id")
)[0m
  ↳ db/migrate/20180910004923_create_comments.rb:3
  [1m[35m (0.1ms)[0m  [1m[35mCREATE  INDEX "index_comments_on_post_id" ON "comments" ("post_id")[0m
  ↳ db/migrate/20180910004923_create_comments.rb:3
  [1m[36mActiveRecord::SchemaMigration Create (0.2ms)[0m  [1m[32mINSERT INTO "schema_migrations" ("version") VALUES (?)[0m  [["version", "20180910004923"]]
  ↳ /Users/poonamjadhav/.rvm/gems/ruby-2.5.1/bin/rake:23
  [1m[35m (1.5ms)[0m  [1m[36mcommit transaction[0m
  ↳ /Users/poonamjadhav/.rvm/gems/ruby-2.5.1/bin/rake:23
  [1m[36mActiveRecord::InternalMetadata Load (0.2ms)[0m  [1m[34mSELECT  "ar_internal_metadata".* FROM "ar_internal_metadata" WHERE "ar_internal_metadata"."key" = ? LIMIT ?[0m  [["key", "environment"], ["LIMIT", 1]]
  ↳ /Users/poonamjadhav/.rvm/gems/ruby-2.5.1/bin/rake:23
  [1m[35m (0.1ms)[0m  [1m[36mbegin transaction[0m
  ↳ /Users/poonamjadhav/.rvm/gems/ruby-2.5.1/bin/rake:23
  [1m[35m (0.0ms)[0m  [1m[36mcommit transaction[0m
  ↳ /Users/poonamjadhav/.rvm/gems/ruby-2.5.1/bin/rake:23
  [1m[35m (0.1ms)[0m  [1m[34mSELECT "schema_migrations"."version" FROM "schema_migrations" ORDER BY "schema_migrations"."version" ASC[0m
  ↳ /Users/poonamjadhav/.rvm/gems/ruby-2.5.1/bin/rake:23
Started GET "/posts" for 127.0.0.1 at 2018-09-09 20:54:04 -0400
  [1m[35m (0.1ms)[0m  [1m[34mSELECT "schema_migrations"."version" FROM "schema_migrations" ORDER BY "schema_migrations"."version" ASC[0m
  ↳ /Users/poonamjadhav/.rvm/gems/ruby-2.5.1/gems/activerecord-5.2.1/lib/active_record/log_subscriber.rb:98
Processing by PostsController#index as HTML
  Rendering posts/index.html.erb within layouts/application
  [1m[36mPost Load (0.1ms)[0m  [1m[34mSELECT "posts".* FROM "posts"[0m
  ↳ app/views/posts/index.html.erb:2
  Rendered posts/index.html.erb within layouts/application (5.6ms)
Completed 200 OK in 88ms (Views: 78.5ms | ActiveRecord: 0.6ms)


Started GET "/posts/1" for 127.0.0.1 at 2018-09-09 20:54:06 -0400
Processing by PostsController#show as HTML
  Parameters: {"id"=>"1"}
  [1m[36mPost Load (0.3ms)[0m  [1m[34mSELECT  "posts".* FROM "posts" WHERE "posts"."id" = ? LIMIT ?[0m  [["id", 1], ["LIMIT", 1]]
  ↳ app/controllers/posts_controller.rb:12
  Rendering posts/show.html.erb within layouts/application
  Rendered posts/show.html.erb within layouts/application (45.0ms)
Completed 200 OK in 74ms (Views: 69.2ms | ActiveRecord: 1.0ms)


Started GET "/posts/1" for 127.0.0.1 at 2018-09-09 20:57:54 -0400
Processing by PostsController#show as HTML
  Parameters: {"id"=>"1"}
  [1m[36mPost Load (0.1ms)[0m  [1m[34mSELECT  "posts".* FROM "posts" WHERE "posts"."id" = ? LIMIT ?[0m  [["id", 1], ["LIMIT", 1]]
  ↳ app/controllers/posts_controller.rb:12
  Rendering posts/show.html.erb within layouts/application
  [1m[36mComment Load (0.1ms)[0m  [1m[34mSELECT "comments".* FROM "comments" WHERE "comments"."post_id" = ?[0m  [["post_id", 1]]
  ↳ app/views/posts/show.html.erb:12
  Rendered posts/show.html.erb within layouts/application (11.3ms)
Completed 200 OK in 46ms (Views: 36.4ms | ActiveRecord: 1.2ms)


Started POST "/posts/1/comments" for 127.0.0.1 at 2018-09-09 20:58:02 -0400
  
SyntaxError (/Users/poonamjadhav/Desktop/development/Ruby on Rails/Simpleblog/app/controllers/comments_controller.rb:11: syntax error, unexpected keyword_end, expecting end-of-input):
  
app/controllers/comments_controller.rb:11: syntax error, unexpected keyword_end, expecting end-of-input
Started GET "/posts/1" for 127.0.0.1 at 2018-09-09 20:59:51 -0400
Processing by PostsController#show as HTML
  Parameters: {"id"=>"1"}
  [1m[36mPost Load (0.1ms)[0m  [1m[34mSELECT  "posts".* FROM "posts" WHERE "posts"."id" = ? LIMIT ?[0m  [["id", 1], ["LIMIT", 1]]
  ↳ app/controllers/posts_controller.rb:12
  Rendering posts/show.html.erb within layouts/application
  [1m[36mComment Load (0.1ms)[0m  [1m[34mSELECT "comments".* FROM "comments" WHERE "comments"."post_id" = ?[0m  [["post_id", 1]]
  ↳ app/views/posts/show.html.erb:12
  Rendered posts/show.html.erb within layouts/application (12.0ms)
Completed 200 OK in 48ms (Views: 36.9ms | ActiveRecord: 1.2ms)


Started POST "/posts/1/comments" for 127.0.0.1 at 2018-09-09 21:00:00 -0400
Processing by CommentsController#create as HTML
  Parameters: {"utf8"=>"✓", "authenticity_token"=>"3Bt76NVUNN5pn12Bm+XRU/hJQrnc+5G5bPsdE6/0iNawSbLaKj8PrJVDdvPFLpxd9C9uJupyNIzp5ng5QL7gnw==", "comment"=>{"username"=>"poonam", "body"=>"Great Post!"}, "commit"=>"Create Comment", "post_id"=>"1"}
Completed 404 Not Found in 2ms (ActiveRecord: 0.0ms)


  
ActiveRecord::RecordNotFound (Couldn't find Post without an ID):
  
app/controllers/comments_controller.rb:3:in `create'
Started POST "/posts/1/comments" for 127.0.0.1 at 2018-09-09 21:01:02 -0400
Processing by CommentsController#create as HTML
  Parameters: {"utf8"=>"✓", "authenticity_token"=>"3Bt76NVUNN5pn12Bm+XRU/hJQrnc+5G5bPsdE6/0iNawSbLaKj8PrJVDdvPFLpxd9C9uJupyNIzp5ng5QL7gnw==", "comment"=>{"username"=>"poonam", "body"=>"Great Post!"}, "commit"=>"Create Comment", "post_id"=>"1"}
  [1m[36mPost Load (0.1ms)[0m  [1m[34mSELECT  "posts".* FROM "posts" WHERE "posts"."id" = ? LIMIT ?[0m  [["id", 1], ["LIMIT", 1]]
  ↳ app/controllers/comments_controller.rb:3
  [1m[35m (0.1ms)[0m  [1m[36mbegin transaction[0m
  ↳ app/controllers/comments_controller.rb:4
  [1m[36mComment Create (0.4ms)[0m  [1m[32mINSERT INTO "comments" ("username", "body", "post_id", "created_at", "updated_at") VALUES (?, ?, ?, ?, ?)[0m  [["username", "poonam"], ["body", "Great Post!"], ["post_id", 1], ["created_at", "2018-09-10 01:01:02.623118"], ["updated_at", "2018-09-10 01:01:02.623118"]]
  ↳ app/controllers/comments_controller.rb:4
  [1m[35m (1.1ms)[0m  [1m[36mcommit transaction[0m
  ↳ app/controllers/comments_controller.rb:4
Redirected to http://localhost:3000/posts/1
Completed 302 Found in 21ms (ActiveRecord: 2.7ms)


Started GET "/posts/1" for 127.0.0.1 at 2018-09-09 21:01:02 -0400
Processing by PostsController#show as HTML
  Parameters: {"id"=>"1"}
  [1m[36mPost Load (0.1ms)[0m  [1m[34mSELECT  "posts".* FROM "posts" WHERE "posts"."id" = ? LIMIT ?[0m  [["id", 1], ["LIMIT", 1]]
  ↳ app/controllers/posts_controller.rb:12
  Rendering posts/show.html.erb within layouts/application
  [1m[36mComment Load (0.2ms)[0m  [1m[34mSELECT "comments".* FROM "comments" WHERE "comments"."post_id" = ?[0m  [["post_id", 1]]
  ↳ app/views/posts/show.html.erb:12
  Rendered posts/show.html.erb within layouts/application (233.7ms)
Completed 500 Internal Server Error in 244ms (ActiveRecord: 0.3ms)


  
ActionView::Template::Error (undefined local variable or method `post' for #<#<Class:0x00007fa742058bd8>:0x00007fa742041168>
Did you mean?  @post):
    12: <% @post.comments.each do |comment| %>
    13: 	<div class="well">
    14: 		<p><strong><%= comment.username %></strong>: <%= comment.body %></p>
    15: 		<%= link_to "Read More", post_path(post), :class => 'btn btn-default'%>
    16: 	</div>
    17: <% end %>
    18: 
  
app/views/posts/show.html.erb:15:in `block in _app_views_posts_show_html_erb___3835781571286539233_70178171969240'
app/views/posts/show.html.erb:12:in `_app_views_posts_show_html_erb___3835781571286539233_70178171969240'
Started GET "/posts/1" for 127.0.0.1 at 2018-09-09 21:01:20 -0400
Processing by PostsController#show as HTML
  Parameters: {"id"=>"1"}
  [1m[36mPost Load (0.2ms)[0m  [1m[34mSELECT  "posts".* FROM "posts" WHERE "posts"."id" = ? LIMIT ?[0m  [["id", 1], ["LIMIT", 1]]
  ↳ app/controllers/posts_controller.rb:12
  Rendering posts/show.html.erb within layouts/application
  [1m[36mComment Load (0.2ms)[0m  [1m[34mSELECT "comments".* FROM "comments" WHERE "comments"."post_id" = ?[0m  [["post_id", 1]]
  ↳ app/views/posts/show.html.erb:12
  Rendered posts/show.html.erb within layouts/application (4.4ms)
Completed 200 OK in 33ms (Views: 30.0ms | ActiveRecord: 0.3ms)


Started POST "/posts/1/comments" for 127.0.0.1 at 2018-09-09 21:01:31 -0400
Processing by CommentsController#create as HTML
  Parameters: {"utf8"=>"✓", "authenticity_token"=>"1MhKOreISJtP4NyNUNBAg+fYvTo4BAaVuYXil6jTEW+4moMISONz6bM89/8OGw2N676RpQ6No6A8mIe9R5l5Jg==", "comment"=>{"username"=>"poonam", "body"=>"Nice post..."}, "commit"=>"Create Comment", "post_id"=>"1"}
  [1m[36mPost Load (0.1ms)[0m  [1m[34mSELECT  "posts".* FROM "posts" WHERE "posts"."id" = ? LIMIT ?[0m  [["id", 1], ["LIMIT", 1]]
  ↳ app/controllers/comments_controller.rb:3
  [1m[35m (0.0ms)[0m  [1m[36mbegin transaction[0m
  ↳ app/controllers/comments_controller.rb:4
  [1m[36mComment Create (0.4ms)[0m  [1m[32mINSERT INTO "comments" ("username", "body", "post_id", "created_at", "updated_at") VALUES (?, ?, ?, ?, ?)[0m  [["username", "poonam"], ["body", "Nice post..."], ["post_id", 1], ["created_at", "2018-09-10 01:01:31.659485"], ["updated_at", "2018-09-10 01:01:31.659485"]]
  ↳ app/controllers/comments_controller.rb:4
  [1m[35m (1.1ms)[0m  [1m[36mcommit transaction[0m
  ↳ app/controllers/comments_controller.rb:4
Redirected to http://localhost:3000/posts/1
Completed 302 Found in 5ms (ActiveRecord: 1.6ms)


Started GET "/posts/1" for 127.0.0.1 at 2018-09-09 21:01:31 -0400
Processing by PostsController#show as HTML
  Parameters: {"id"=>"1"}
  [1m[36mPost Load (0.1ms)[0m  [1m[34mSELECT  "posts".* FROM "posts" WHERE "posts"."id" = ? LIMIT ?[0m  [["id", 1], ["LIMIT", 1]]
  ↳ app/controllers/posts_controller.rb:12
  Rendering posts/show.html.erb within layouts/application
  [1m[36mComment Load (0.1ms)[0m  [1m[34mSELECT "comments".* FROM "comments" WHERE "comments"."post_id" = ?[0m  [["post_id", 1]]
  ↳ app/views/posts/show.html.erb:12
  Rendered posts/show.html.erb within layouts/application (3.5ms)
Completed 200 OK in 37ms (Views: 33.7ms | ActiveRecord: 0.2ms)


Started GET "/" for 127.0.0.1 at 2018-09-09 21:05:18 -0400
Processing by PostsController#index as HTML
  Rendering posts/index.html.erb within layouts/application
  [1m[36mPost Load (0.2ms)[0m  [1m[34mSELECT "posts".* FROM "posts"[0m
  ↳ app/views/posts/index.html.erb:2
  Rendered posts/index.html.erb within layouts/application (2.1ms)
Completed 200 OK in 35ms (Views: 30.5ms | ActiveRecord: 0.2ms)


Started GET "/posts/1" for 127.0.0.1 at 2018-09-09 21:05:19 -0400
Processing by PostsController#show as HTML
  Parameters: {"id"=>"1"}
  [1m[36mPost Load (0.3ms)[0m  [1m[34mSELECT  "posts".* FROM "posts" WHERE "posts"."id" = ? LIMIT ?[0m  [["id", 1], ["LIMIT", 1]]
  ↳ app/controllers/posts_controller.rb:12
  Rendering posts/show.html.erb within layouts/application
  [1m[36mComment Load (0.2ms)[0m  [1m[34mSELECT "comments".* FROM "comments" WHERE "comments"."post_id" = ?[0m  [["post_id", 1]]
  ↳ app/views/comments/_comments.html.erb:2
  Rendered comments/_comments.html.erb (2.1ms)
  Rendered comments/_form.html.erb (3.2ms)
  Rendered posts/show.html.erb within layouts/application (12.6ms)
Completed 200 OK in 60ms (Views: 54.9ms | ActiveRecord: 0.5ms)


Started GET "/posts/1" for 127.0.0.1 at 2018-09-09 21:05:50 -0400
Processing by PostsController#show as HTML
  Parameters: {"id"=>"1"}
  [1m[36mPost Load (0.1ms)[0m  [1m[34mSELECT  "posts".* FROM "posts" WHERE "posts"."id" = ? LIMIT ?[0m  [["id", 1], ["LIMIT", 1]]
  ↳ app/controllers/posts_controller.rb:12
  Rendering posts/show.html.erb within layouts/application
  [1m[36mComment Load (0.1ms)[0m  [1m[34mSELECT "comments".* FROM "comments" WHERE "comments"."post_id" = ?[0m  [["post_id", 1]]
  ↳ app/views/comments/_comments.html.erb:2
  Rendered comments/_comments.html.erb (1.3ms)
  Rendered comments/_form.html.erb (1.7ms)
  Rendered posts/show.html.erb within layouts/application (7.9ms)
Completed 200 OK in 37ms (Views: 33.1ms | ActiveRecord: 0.2ms)


Started POST "/posts/1/comments" for 127.0.0.1 at 2018-09-09 21:05:56 -0400
Processing by CommentsController#create as HTML
  Parameters: {"utf8"=>"✓", "authenticity_token"=>"7aHbc/qQ/8OxmLEwKNJSLk9kzY2UK9omig85w4ZrG3CB8xJBBfvEsU1EmkJ2GR8gQwLhEqKifxMPElzpaSFzOQ==", "comment"=>{"username"=>"hello", "body"=>"world"}, "commit"=>"Create Comment", "post_id"=>"1"}
  [1m[36mPost Load (0.1ms)[0m  [1m[34mSELECT  "posts".* FROM "posts" WHERE "posts"."id" = ? LIMIT ?[0m  [["id", 1], ["LIMIT", 1]]
  ↳ app/controllers/comments_controller.rb:3
  [1m[35m (0.1ms)[0m  [1m[36mbegin transaction[0m
  ↳ app/controllers/comments_controller.rb:4
  [1m[36mComment Create (0.6ms)[0m  [1m[32mINSERT INTO "comments" ("username", "body", "post_id", "created_at", "updated_at") VALUES (?, ?, ?, ?, ?)[0m  [["username", "hello"], ["body", "world"], ["post_id", 1], ["created_at", "2018-09-10 01:05:56.450629"], ["updated_at", "2018-09-10 01:05:56.450629"]]
  ↳ app/controllers/comments_controller.rb:4
  [1m[35m (1.3ms)[0m  [1m[36mcommit transaction[0m
  ↳ app/controllers/comments_controller.rb:4
Redirected to http://localhost:3000/posts/1
Completed 302 Found in 7ms (ActiveRecord: 2.1ms)


Started GET "/posts/1" for 127.0.0.1 at 2018-09-09 21:05:56 -0400
Processing by PostsController#show as HTML
  Parameters: {"id"=>"1"}
  [1m[36mPost Load (0.2ms)[0m  [1m[34mSELECT  "posts".* FROM "posts" WHERE "posts"."id" = ? LIMIT ?[0m  [["id", 1], ["LIMIT", 1]]
  ↳ app/controllers/posts_controller.rb:12
  Rendering posts/show.html.erb within layouts/application
  [1m[36mComment Load (0.1ms)[0m  [1m[34mSELECT "comments".* FROM "comments" WHERE "comments"."post_id" = ?[0m  [["post_id", 1]]
  ↳ app/views/comments/_comments.html.erb:2
  Rendered comments/_comments.html.erb (1.6ms)
  Rendered comments/_form.html.erb (2.2ms)
  Rendered posts/show.html.erb within layouts/application (9.5ms)
Completed 200 OK in 42ms (Views: 37.9ms | ActiveRecord: 0.3ms)


Started GET "/posts/1" for 127.0.0.1 at 2018-09-09 21:09:51 -0400
Processing by PostsController#show as HTML
  Parameters: {"id"=>"1"}
  [1m[36mPost Load (0.2ms)[0m  [1m[34mSELECT  "posts".* FROM "posts" WHERE "posts"."id" = ? LIMIT ?[0m  [["id", 1], ["LIMIT", 1]]
  ↳ app/controllers/posts_controller.rb:12
  Rendering posts/show.html.erb within layouts/application
  [1m[36mComment Load (0.2ms)[0m  [1m[34mSELECT "comments".* FROM "comments" WHERE "comments"."post_id" = ?[0m  [["post_id", 1]]
  ↳ app/views/comments/_comments.html.erb:2
  Rendered comments/_comments.html.erb (14.3ms)
  Rendered comments/_form.html.erb (3.0ms)
  Rendered posts/show.html.erb within layouts/application (24.3ms)
Completed 200 OK in 63ms (Views: 49.1ms | ActiveRecord: 2.0ms)


Started DELETE "/posts/1/comments/3" for 127.0.0.1 at 2018-09-09 21:09:57 -0400
Processing by CommentsController#destroy as HTML
  Parameters: {"authenticity_token"=>"1NAAHE+i1cu0G+2Q3Xz3J+YR3lKlp5s1PxevEaDwBcu4gskusMnuuUjHxuKDt7op6nfyzZMuPgC6Cso7T7ptgg==", "post_id"=>"1", "id"=>"3"}
  [1m[36mPost Load (0.1ms)[0m  [1m[34mSELECT  "posts".* FROM "posts" WHERE "posts"."id" = ? LIMIT ?[0m  [["id", 1], ["LIMIT", 1]]
  ↳ app/controllers/comments_controller.rb:9
  [1m[36mComment Load (0.2ms)[0m  [1m[34mSELECT  "comments".* FROM "comments" WHERE "comments"."post_id" = ? AND "comments"."id" = ? LIMIT ?[0m  [["post_id", 1], ["id", 3], ["LIMIT", 1]]
  ↳ app/controllers/comments_controller.rb:10
  [1m[35m (0.2ms)[0m  [1m[36mbegin transaction[0m
  ↳ app/controllers/comments_controller.rb:11
  [1m[36mComment Destroy (0.4ms)[0m  [1m[31mDELETE FROM "comments" WHERE "comments"."id" = ?[0m  [["id", 3]]
  ↳ app/controllers/comments_controller.rb:11
  [1m[35m (1.1ms)[0m  [1m[36mcommit transaction[0m
  ↳ app/controllers/comments_controller.rb:11
Redirected to http://localhost:3000/posts/1
Completed 302 Found in 7ms (ActiveRecord: 2.0ms)


Started GET "/posts/1" for 127.0.0.1 at 2018-09-09 21:09:57 -0400
Processing by PostsController#show as HTML
  Parameters: {"id"=>"1"}
  [1m[36mPost Load (0.2ms)[0m  [1m[34mSELECT  "posts".* FROM "posts" WHERE "posts"."id" = ? LIMIT ?[0m  [["id", 1], ["LIMIT", 1]]
  ↳ app/controllers/posts_controller.rb:12
  Rendering posts/show.html.erb within layouts/application
  [1m[36mComment Load (0.1ms)[0m  [1m[34mSELECT "comments".* FROM "comments" WHERE "comments"."post_id" = ?[0m  [["post_id", 1]]
  ↳ app/views/comments/_comments.html.erb:2
  Rendered comments/_comments.html.erb (1.8ms)
  Rendered comments/_form.html.erb (1.9ms)
  Rendered posts/show.html.erb within layouts/application (9.4ms)
Completed 200 OK in 47ms (Views: 43.5ms | ActiveRecord: 0.3ms)


Started GET "/posts/1" for 127.0.0.1 at 2018-09-09 21:11:59 -0400
  
ActionController::RoutingError (undefined method `http_basic_authentication_with' for PostsController:Class
Did you mean?  http_basic_authenticate_with):
  
app/controllers/posts_controller.rb:2:in `<class:PostsController>'
app/controllers/posts_controller.rb:1:in `<main>'
Started GET "/posts/1" for 127.0.0.1 at 2018-09-09 21:12:25 -0400
Processing by PostsController#show as HTML
  Parameters: {"id"=>"1"}
  [1m[36mPost Load (0.1ms)[0m  [1m[34mSELECT  "posts".* FROM "posts" WHERE "posts"."id" = ? LIMIT ?[0m  [["id", 1], ["LIMIT", 1]]
  ↳ app/controllers/posts_controller.rb:14
  Rendering posts/show.html.erb within layouts/application
  [1m[36mComment Load (0.2ms)[0m  [1m[34mSELECT "comments".* FROM "comments" WHERE "comments"."post_id" = ?[0m  [["post_id", 1]]
  ↳ app/views/comments/_comments.html.erb:2
  Rendered comments/_comments.html.erb (9.8ms)
  Rendered comments/_form.html.erb (1.9ms)
  Rendered posts/show.html.erb within layouts/application (16.7ms)
Completed 200 OK in 53ms (Views: 41.2ms | ActiveRecord: 1.3ms)


Started GET "/posts/1/edit" for 127.0.0.1 at 2018-09-09 21:12:30 -0400
Processing by PostsController#edit as HTML
  Parameters: {"id"=>"1"}
Filter chain halted as #<Proc:0x00007fa73af74930@/Users/poonamjadhav/.rvm/gems/ruby-2.5.1/gems/actionpack-5.2.1/lib/action_controller/metal/http_authentication.rb:72> rendered or redirected
Completed 401 Unauthorized in 0ms (ActiveRecord: 0.0ms)


Started GET "/posts/1/edit" for 127.0.0.1 at 2018-09-09 21:12:35 -0400
Processing by PostsController#edit as HTML
  Parameters: {"id"=>"1"}
Filter chain halted as #<Proc:0x00007fa73af74930@/Users/poonamjadhav/.rvm/gems/ruby-2.5.1/gems/actionpack-5.2.1/lib/action_controller/metal/http_authentication.rb:72> rendered or redirected
Completed 401 Unauthorized in 1ms (ActiveRecord: 0.0ms)


Started GET "/posts/1" for 127.0.0.1 at 2018-09-09 21:12:38 -0400
Processing by PostsController#show as HTML
  Parameters: {"id"=>"1"}
  [1m[36mPost Load (0.1ms)[0m  [1m[34mSELECT  "posts".* FROM "posts" WHERE "posts"."id" = ? LIMIT ?[0m  [["id", 1], ["LIMIT", 1]]
  ↳ app/controllers/posts_controller.rb:14
  Rendering posts/show.html.erb within layouts/application
  [1m[36mComment Load (0.1ms)[0m  [1m[34mSELECT "comments".* FROM "comments" WHERE "comments"."post_id" = ?[0m  [["post_id", 1]]
  ↳ app/views/comments/_comments.html.erb:2
  Rendered comments/_comments.html.erb (1.6ms)
  Rendered comments/_form.html.erb (1.9ms)
  Rendered posts/show.html.erb within layouts/application (8.7ms)
Completed 200 OK in 38ms (Views: 33.9ms | ActiveRecord: 0.2ms)


Started GET "/posts/1/edit" for 127.0.0.1 at 2018-09-09 21:12:40 -0400
Processing by PostsController#edit as HTML
  Parameters: {"id"=>"1"}
Filter chain halted as #<Proc:0x00007fa73af74930@/Users/poonamjadhav/.rvm/gems/ruby-2.5.1/gems/actionpack-5.2.1/lib/action_controller/metal/http_authentication.rb:72> rendered or redirected
Completed 401 Unauthorized in 1ms (ActiveRecord: 0.0ms)


Started GET "/posts/1/edit" for 127.0.0.1 at 2018-09-09 21:12:46 -0400
Processing by PostsController#edit as HTML
  Parameters: {"id"=>"1"}
  [1m[36mPost Load (0.1ms)[0m  [1m[34mSELECT  "posts".* FROM "posts" WHERE "posts"."id" = ? LIMIT ?[0m  [["id", 1], ["LIMIT", 1]]
  ↳ app/controllers/posts_controller.rb:36
  Rendering posts/edit.html.erb within layouts/application
  Rendered posts/edit.html.erb within layouts/application (1.9ms)
Completed 200 OK in 32ms (Views: 28.2ms | ActiveRecord: 0.1ms)


Started PATCH "/posts/1" for 127.0.0.1 at 2018-09-09 21:12:49 -0400
Processing by PostsController#update as HTML
  Parameters: {"utf8"=>"✓", "authenticity_token"=>"oAj7RyxF5JKtM9eDwasg3aCoUoA4OrxtrNShIuL8nf5m9LEWeV+yFvmqEvl9xeFyEftq6Svf2sochyTktdseJQ==", "post"=>{"title"=>"Post one", "body"=>"Post one body"}, "commit"=>"Save Post", "id"=>"1"}
Filter chain halted as #<Proc:0x00007fa73af74930@/Users/poonamjadhav/.rvm/gems/ruby-2.5.1/gems/actionpack-5.2.1/lib/action_controller/metal/http_authentication.rb:72> rendered or redirected
Completed 401 Unauthorized in 1ms (ActiveRecord: 0.0ms)


Started PATCH "/posts/1" for 127.0.0.1 at 2018-09-09 21:12:49 -0400
Processing by PostsController#update as HTML
  Parameters: {"utf8"=>"✓", "authenticity_token"=>"oAj7RyxF5JKtM9eDwasg3aCoUoA4OrxtrNShIuL8nf5m9LEWeV+yFvmqEvl9xeFyEftq6Svf2sochyTktdseJQ==", "post"=>{"title"=>"Post one", "body"=>"Post one body"}, "commit"=>"Save Post", "id"=>"1"}
  [1m[36mPost Load (0.1ms)[0m  [1m[34mSELECT  "posts".* FROM "posts" WHERE "posts"."id" = ? LIMIT ?[0m  [["id", 1], ["LIMIT", 1]]
  ↳ app/controllers/posts_controller.rb:41
  [1m[35m (0.1ms)[0m  [1m[36mbegin transaction[0m
  ↳ app/controllers/posts_controller.rb:43
  [1m[35m (0.1ms)[0m  [1m[36mcommit transaction[0m
  ↳ app/controllers/posts_controller.rb:43
Redirected to http://localhost:3000/posts/1
Completed 302 Found in 5ms (ActiveRecord: 0.3ms)


Started GET "/posts/1" for 127.0.0.1 at 2018-09-09 21:12:49 -0400
Processing by PostsController#show as HTML
  Parameters: {"id"=>"1"}
  [1m[36mPost Load (0.1ms)[0m  [1m[34mSELECT  "posts".* FROM "posts" WHERE "posts"."id" = ? LIMIT ?[0m  [["id", 1], ["LIMIT", 1]]
  ↳ app/controllers/posts_controller.rb:14
  Rendering posts/show.html.erb within layouts/application
  [1m[36mComment Load (0.1ms)[0m  [1m[34mSELECT "comments".* FROM "comments" WHERE "comments"."post_id" = ?[0m  [["post_id", 1]]
  ↳ app/views/comments/_comments.html.erb:2
  Rendered comments/_comments.html.erb (1.7ms)
  Rendered comments/_form.html.erb (2.2ms)
  Rendered posts/show.html.erb within layouts/application (9.7ms)
Completed 200 OK in 40ms (Views: 35.9ms | ActiveRecord: 0.3ms)


Started GET "/" for 127.0.0.1 at 2018-09-09 21:13:02 -0400
Processing by PostsController#index as HTML
  Rendering posts/index.html.erb within layouts/application
  [1m[36mPost Load (0.2ms)[0m  [1m[34mSELECT "posts".* FROM "posts"[0m
  ↳ app/views/posts/index.html.erb:2
  Rendered posts/index.html.erb within layouts/application (1.6ms)
Completed 200 OK in 40ms (Views: 36.0ms | ActiveRecord: 0.2ms)


Started GET "/posts/3" for 127.0.0.1 at 2018-09-09 21:13:04 -0400
Processing by PostsController#show as HTML
  Parameters: {"id"=>"3"}
  [1m[36mPost Load (0.1ms)[0m  [1m[34mSELECT  "posts".* FROM "posts" WHERE "posts"."id" = ? LIMIT ?[0m  [["id", 3], ["LIMIT", 1]]
  ↳ app/controllers/posts_controller.rb:14
  Rendering posts/show.html.erb within layouts/application
  [1m[36mComment Load (0.1ms)[0m  [1m[34mSELECT "comments".* FROM "comments" WHERE "comments"."post_id" = ?[0m  [["post_id", 3]]
  ↳ app/views/comments/_comments.html.erb:2
  Rendered comments/_comments.html.erb (1.4ms)
  Rendered comments/_form.html.erb (2.2ms)
  Rendered posts/show.html.erb within layouts/application (9.0ms)
Completed 200 OK in 39ms (Views: 35.6ms | ActiveRecord: 0.2ms)


Started POST "/posts/3/comments" for 127.0.0.1 at 2018-09-09 21:13:11 -0400
Processing by CommentsController#create as HTML
  Parameters: {"utf8"=>"✓", "authenticity_token"=>"w2X/Dmn78LpdS6NDicOngSh8TFAi0AqV4dCJ2dfXSPZwm/YAISZlzmBYCgR8hARm4wC8UU/9cKHOjFuMDHO4kA==", "comment"=>{"username"=>"poonam", "body"=>"my post!"}, "commit"=>"Create Comment", "post_id"=>"3"}
  [1m[36mPost Load (0.2ms)[0m  [1m[34mSELECT  "posts".* FROM "posts" WHERE "posts"."id" = ? LIMIT ?[0m  [["id", 3], ["LIMIT", 1]]
  ↳ app/controllers/comments_controller.rb:5
  [1m[35m (0.1ms)[0m  [1m[36mbegin transaction[0m
  ↳ app/controllers/comments_controller.rb:6
  [1m[36mComment Create (0.5ms)[0m  [1m[32mINSERT INTO "comments" ("username", "body", "post_id", "created_at", "updated_at") VALUES (?, ?, ?, ?, ?)[0m  [["username", "poonam"], ["body", "my post!"], ["post_id", 3], ["created_at", "2018-09-10 01:13:11.598619"], ["updated_at", "2018-09-10 01:13:11.598619"]]
  ↳ app/controllers/comments_controller.rb:6
  [1m[35m (1.3ms)[0m  [1m[36mcommit transaction[0m
  ↳ app/controllers/comments_controller.rb:6
Redirected to http://localhost:3000/posts/3
Completed 302 Found in 8ms (ActiveRecord: 2.0ms)


Started GET "/posts/3" for 127.0.0.1 at 2018-09-09 21:13:11 -0400
Processing by PostsController#show as HTML
  Parameters: {"id"=>"3"}
  [1m[36mPost Load (0.2ms)[0m  [1m[34mSELECT  "posts".* FROM "posts" WHERE "posts"."id" = ? LIMIT ?[0m  [["id", 3], ["LIMIT", 1]]
  ↳ app/controllers/posts_controller.rb:14
  Rendering posts/show.html.erb within layouts/application
  [1m[36mComment Load (0.1ms)[0m  [1m[34mSELECT "comments".* FROM "comments" WHERE "comments"."post_id" = ?[0m  [["post_id", 3]]
  ↳ app/views/comments/_comments.html.erb:2
  Rendered comments/_comments.html.erb (2.2ms)
  Rendered comments/_form.html.erb (2.3ms)
  Rendered posts/show.html.erb within layouts/application (10.7ms)
Completed 200 OK in 42ms (Views: 38.0ms | ActiveRecord: 0.3ms)


Started DELETE "/posts/3/comments/4" for 127.0.0.1 at 2018-09-09 21:13:15 -0400
Processing by CommentsController#destroy as HTML
  Parameters: {"authenticity_token"=>"ujDpNQhg3ipMYPN3Gy5bIUrPQ8JEFSwOnqdPNwkozhDWYiAH9wvlWLC82AVF5RYvRqlvXXKciTsbuiod5mKmWQ==", "post_id"=>"3", "id"=>"4"}
  [1m[36mPost Load (0.1ms)[0m  [1m[34mSELECT  "posts".* FROM "posts" WHERE "posts"."id" = ? LIMIT ?[0m  [["id", 3], ["LIMIT", 1]]
  ↳ app/controllers/comments_controller.rb:11
  [1m[36mComment Load (0.2ms)[0m  [1m[34mSELECT  "comments".* FROM "comments" WHERE "comments"."post_id" = ? AND "comments"."id" = ? LIMIT ?[0m  [["post_id", 3], ["id", 4], ["LIMIT", 1]]
  ↳ app/controllers/comments_controller.rb:12
  [1m[35m (0.1ms)[0m  [1m[36mbegin transaction[0m
  ↳ app/controllers/comments_controller.rb:13
  [1m[36mComment Destroy (0.4ms)[0m  [1m[31mDELETE FROM "comments" WHERE "comments"."id" = ?[0m  [["id", 4]]
  ↳ app/controllers/comments_controller.rb:13
  [1m[35m (6.4ms)[0m  [1m[36mcommit transaction[0m
  ↳ app/controllers/comments_controller.rb:13
Redirected to http://localhost:3000/posts/3
Completed 302 Found in 12ms (ActiveRecord: 7.2ms)


Started GET "/posts/3" for 127.0.0.1 at 2018-09-09 21:13:15 -0400
Processing by PostsController#show as HTML
  Parameters: {"id"=>"3"}
  [1m[36mPost Load (0.1ms)[0m  [1m[34mSELECT  "posts".* FROM "posts" WHERE "posts"."id" = ? LIMIT ?[0m  [["id", 3], ["LIMIT", 1]]
  ↳ app/controllers/posts_controller.rb:14
  Rendering posts/show.html.erb within layouts/application
  [1m[36mComment Load (0.1ms)[0m  [1m[34mSELECT "comments".* FROM "comments" WHERE "comments"."post_id" = ?[0m  [["post_id", 3]]
  ↳ app/views/comments/_comments.html.erb:2
  Rendered comments/_comments.html.erb (1.2ms)
  Rendered comments/_form.html.erb (1.8ms)
  Rendered posts/show.html.erb within layouts/application (8.0ms)
Completed 200 OK in 37ms (Views: 33.0ms | ActiveRecord: 0.2ms)


Started GET "/posts/3" for 127.0.0.1 at 2018-09-09 21:14:14 -0400
Processing by PostsController#show as HTML
  Parameters: {"id"=>"3"}
  [1m[36mPost Load (0.1ms)[0m  [1m[34mSELECT  "posts".* FROM "posts" WHERE "posts"."id" = ? LIMIT ?[0m  [["id", 3], ["LIMIT", 1]]
  ↳ app/controllers/posts_controller.rb:14
  Rendering posts/show.html.erb within layouts/application
  [1m[36mComment Load (0.1ms)[0m  [1m[34mSELECT "comments".* FROM "comments" WHERE "comments"."post_id" = ?[0m  [["post_id", 3]]
  ↳ app/views/comments/_comments.html.erb:2
  Rendered comments/_comments.html.erb (1.5ms)
  Rendered comments/_form.html.erb (2.4ms)
  Rendered posts/show.html.erb within layouts/application (9.7ms)
Completed 200 OK in 48ms (Views: 43.9ms | ActiveRecord: 0.2ms)


Started GET "/" for 127.0.0.1 at 2018-09-09 21:14:16 -0400
Processing by PostsController#index as HTML
  Rendering posts/index.html.erb within layouts/application
  [1m[36mPost Load (0.3ms)[0m  [1m[34mSELECT "posts".* FROM "posts"[0m
  ↳ app/views/posts/index.html.erb:2
  Rendered posts/index.html.erb within layouts/application (2.6ms)
Completed 200 OK in 42ms (Views: 36.8ms | ActiveRecord: 0.3ms)


Started GET "/" for 127.0.0.1 at 2018-09-09 22:16:33 -0400
Processing by PostsController#index as HTML
  Rendering posts/index.html.erb within layouts/application
  [1m[36mPost Load (0.2ms)[0m  [1m[34mSELECT "posts".* FROM "posts"[0m
  ↳ app/views/posts/index.html.erb:2
  Rendered posts/index.html.erb within layouts/application (6.6ms)
Completed 200 OK in 49ms (Views: 42.9ms | ActiveRecord: 0.7ms)


Started GET "/" for 127.0.0.1 at 2018-09-09 22:16:35 -0400
Processing by PostsController#index as HTML
  Rendering posts/index.html.erb within layouts/application
  [1m[36mPost Load (0.2ms)[0m  [1m[34mSELECT "posts".* FROM "posts"[0m
  ↳ app/views/posts/index.html.erb:2
  Rendered posts/index.html.erb within layouts/application (1.7ms)
Completed 200 OK in 52ms (Views: 47.6ms | ActiveRecord: 0.2ms)


Started GET "/" for 127.0.0.1 at 2018-09-09 22:16:38 -0400
Processing by PostsController#index as HTML
  Rendering posts/index.html.erb within layouts/application
  [1m[36mPost Load (0.2ms)[0m  [1m[34mSELECT "posts".* FROM "posts"[0m
  ↳ app/views/posts/index.html.erb:2
  Rendered posts/index.html.erb within layouts/application (2.1ms)
Completed 200 OK in 41ms (Views: 36.6ms | ActiveRecord: 0.2ms)


Started GET "/" for 127.0.0.1 at 2018-09-09 22:17:00 -0400
Processing by PostsController#index as HTML
  Rendering posts/index.html.erb within layouts/application
  [1m[36mPost Load (0.2ms)[0m  [1m[34mSELECT "posts".* FROM "posts"[0m
  ↳ app/views/posts/index.html.erb:2
  Rendered posts/index.html.erb within layouts/application (1.8ms)
Completed 200 OK in 36ms (Views: 32.8ms | ActiveRecord: 0.2ms)


Started GET "/posts/new" for 127.0.0.1 at 2018-09-09 22:17:02 -0400
Processing by PostsController#new as HTML
Filter chain halted as #<Proc:0x00007fa73cca8c68@/Users/poonamjadhav/.rvm/gems/ruby-2.5.1/gems/actionpack-5.2.1/lib/action_controller/metal/http_authentication.rb:72> rendered or redirected
Completed 401 Unauthorized in 2ms (ActiveRecord: 0.0ms)


Started GET "/posts/new" for 127.0.0.1 at 2018-09-09 22:17:15 -0400
Processing by PostsController#new as HTML
  Rendering posts/new.html.erb within layouts/application
  Rendered posts/new.html.erb within layouts/application (6.5ms)
Completed 200 OK in 82ms (Views: 72.2ms | ActiveRecord: 0.0ms)


Started POST "/posts" for 127.0.0.1 at 2018-09-09 22:17:31 -0400
Processing by PostsController#create as HTML
  Parameters: {"utf8"=>"✓", "authenticity_token"=>"J2JIZ9yHofYpAAXHptEhZHotNIOnJ9yKmD/Amtebg033CUrz/Kz3TKgbtLpzGKhyBym3FgHr++Tw5NruEz2Qpw==", "post"=>{"title"=>"Post five", "body"=>"this is post five"}, "commit"=>"Save Post"}
Filter chain halted as #<Proc:0x00007fa73cca8c68@/Users/poonamjadhav/.rvm/gems/ruby-2.5.1/gems/actionpack-5.2.1/lib/action_controller/metal/http_authentication.rb:72> rendered or redirected
Completed 401 Unauthorized in 2ms (ActiveRecord: 0.0ms)


Started POST "/posts" for 127.0.0.1 at 2018-09-09 22:17:31 -0400
Processing by PostsController#create as HTML
  Parameters: {"utf8"=>"✓", "authenticity_token"=>"J2JIZ9yHofYpAAXHptEhZHotNIOnJ9yKmD/Amtebg033CUrz/Kz3TKgbtLpzGKhyBym3FgHr++Tw5NruEz2Qpw==", "post"=>{"title"=>"Post five", "body"=>"this is post five"}, "commit"=>"Save Post"}
  [1m[35m (0.2ms)[0m  [1m[36mbegin transaction[0m
  ↳ app/controllers/posts_controller.rb:28
  [1m[36mPost Create (0.4ms)[0m  [1m[32mINSERT INTO "posts" ("title", "body", "created_at", "updated_at") VALUES (?, ?, ?, ?)[0m  [["title", "Post five"], ["body", "this is post five"], ["created_at", "2018-09-10 02:17:31.623142"], ["updated_at", "2018-09-10 02:17:31.623142"]]
  ↳ app/controllers/posts_controller.rb:28
  [1m[35m (2.4ms)[0m  [1m[36mcommit transaction[0m
  ↳ app/controllers/posts_controller.rb:28
Redirected to http://localhost:3000/posts/5
Completed 302 Found in 8ms (ActiveRecord: 3.0ms)


Started GET "/posts/5" for 127.0.0.1 at 2018-09-09 22:17:31 -0400
Processing by PostsController#show as HTML
  Parameters: {"id"=>"5"}
  [1m[36mPost Load (0.2ms)[0m  [1m[34mSELECT  "posts".* FROM "posts" WHERE "posts"."id" = ? LIMIT ?[0m  [["id", 5], ["LIMIT", 1]]
  ↳ app/controllers/posts_controller.rb:14
  Rendering posts/show.html.erb within layouts/application
  [1m[36mComment Load (0.2ms)[0m  [1m[34mSELECT "comments".* FROM "comments" WHERE "comments"."post_id" = ?[0m  [["post_id", 5]]
  ↳ app/views/comments/_comments.html.erb:2
  Rendered comments/_comments.html.erb (46.3ms)
  Rendered comments/_form.html.erb (10.0ms)
  Rendered posts/show.html.erb within layouts/application (64.5ms)
Completed 200 OK in 101ms (Views: 96.5ms | ActiveRecord: 1.0ms)


Started POST "/posts/5/comments" for 127.0.0.1 at 2018-09-09 22:17:38 -0400
Processing by CommentsController#create as HTML
  Parameters: {"utf8"=>"✓", "authenticity_token"=>"TEiV42o6RbPGcOt7XK4ct/DDBkNhgh66lSwY0FjeQg4gGlzRlVF+wTqswAkCZVG5/KUq3FcLu48QMX36t5QqRw==", "comment"=>{"username"=>"hello", "body"=>"test"}, "commit"=>"Create Comment", "post_id"=>"5"}
  [1m[36mPost Load (0.2ms)[0m  [1m[34mSELECT  "posts".* FROM "posts" WHERE "posts"."id" = ? LIMIT ?[0m  [["id", 5], ["LIMIT", 1]]
  ↳ app/controllers/comments_controller.rb:5
  [1m[35m (0.1ms)[0m  [1m[36mbegin transaction[0m
  ↳ app/controllers/comments_controller.rb:6
  [1m[36mComment Create (0.9ms)[0m  [1m[32mINSERT INTO "comments" ("username", "body", "post_id", "created_at", "updated_at") VALUES (?, ?, ?, ?, ?)[0m  [["username", "hello"], ["body", "test"], ["post_id", 5], ["created_at", "2018-09-10 02:17:38.528773"], ["updated_at", "2018-09-10 02:17:38.528773"]]
  ↳ app/controllers/comments_controller.rb:6
  [1m[35m (2.1ms)[0m  [1m[36mcommit transaction[0m
  ↳ app/controllers/comments_controller.rb:6
Redirected to http://localhost:3000/posts/5
Completed 302 Found in 11ms (ActiveRecord: 3.3ms)


Started GET "/posts/5" for 127.0.0.1 at 2018-09-09 22:17:38 -0400
Processing by PostsController#show as HTML
  Parameters: {"id"=>"5"}
  [1m[36mPost Load (0.3ms)[0m  [1m[34mSELECT  "posts".* FROM "posts" WHERE "posts"."id" = ? LIMIT ?[0m  [["id", 5], ["LIMIT", 1]]
  ↳ app/controllers/posts_controller.rb:14
  Rendering posts/show.html.erb within layouts/application
  [1m[36mComment Load (0.2ms)[0m  [1m[34mSELECT "comments".* FROM "comments" WHERE "comments"."post_id" = ?[0m  [["post_id", 5]]
  ↳ app/views/comments/_comments.html.erb:2
  Rendered comments/_comments.html.erb (3.1ms)
  Rendered comments/_form.html.erb (4.3ms)
  Rendered posts/show.html.erb within layouts/application (13.8ms)
Completed 200 OK in 57ms (Views: 51.8ms | ActiveRecord: 0.5ms)


Started DELETE "/posts/5/comments/5" for 127.0.0.1 at 2018-09-09 22:17:42 -0400
Processing by CommentsController#destroy as HTML
  Parameters: {"authenticity_token"=>"7aJ61ePO8AdB3cCqaSNeZfngJSXPN9UXgrApx0Ypp5SB8LPnHKXLdb0B69g36BNr9YYJuvm+cCIHrUztqWPP3Q==", "post_id"=>"5", "id"=>"5"}
  [1m[36mPost Load (0.2ms)[0m  [1m[34mSELECT  "posts".* FROM "posts" WHERE "posts"."id" = ? LIMIT ?[0m  [["id", 5], ["LIMIT", 1]]
  ↳ app/controllers/comments_controller.rb:11
  [1m[36mComment Load (0.3ms)[0m  [1m[34mSELECT  "comments".* FROM "comments" WHERE "comments"."post_id" = ? AND "comments"."id" = ? LIMIT ?[0m  [["post_id", 5], ["id", 5], ["LIMIT", 1]]
  ↳ app/controllers/comments_controller.rb:12
  [1m[35m (0.1ms)[0m  [1m[36mbegin transaction[0m
  ↳ app/controllers/comments_controller.rb:13
  [1m[36mComment Destroy (0.4ms)[0m  [1m[31mDELETE FROM "comments" WHERE "comments"."id" = ?[0m  [["id", 5]]
  ↳ app/controllers/comments_controller.rb:13
  [1m[35m (6.6ms)[0m  [1m[36mcommit transaction[0m
  ↳ app/controllers/comments_controller.rb:13
Redirected to http://localhost:3000/posts/5
Completed 302 Found in 13ms (ActiveRecord: 7.6ms)


Started GET "/posts/5" for 127.0.0.1 at 2018-09-09 22:17:42 -0400
Processing by PostsController#show as HTML
  Parameters: {"id"=>"5"}
  [1m[36mPost Load (0.4ms)[0m  [1m[34mSELECT  "posts".* FROM "posts" WHERE "posts"."id" = ? LIMIT ?[0m  [["id", 5], ["LIMIT", 1]]
  ↳ app/controllers/posts_controller.rb:14
  Rendering posts/show.html.erb within layouts/application
  [1m[36mComment Load (0.1ms)[0m  [1m[34mSELECT "comments".* FROM "comments" WHERE "comments"."post_id" = ?[0m  [["post_id", 5]]
  ↳ app/views/comments/_comments.html.erb:2
  Rendered comments/_comments.html.erb (1.8ms)
  Rendered comments/_form.html.erb (3.1ms)
  Rendered posts/show.html.erb within layouts/application (11.2ms)
Completed 200 OK in 54ms (Views: 47.2ms | ActiveRecord: 0.6ms)


Started DELETE "/posts/5" for 127.0.0.1 at 2018-09-09 22:17:45 -0400
Processing by PostsController#destroy as HTML
  Parameters: {"authenticity_token"=>"ilwQyfBFd7ireNg5HUEuAjp4nEvw3GGK3h4noE0Wt5rmDtn7Dy5Mylek80tDimMMNh6w1MZVxL9bA0KKolzf0w==", "id"=>"5"}
  [1m[36mPost Load (0.1ms)[0m  [1m[34mSELECT  "posts".* FROM "posts" WHERE "posts"."id" = ? LIMIT ?[0m  [["id", 5], ["LIMIT", 1]]
  ↳ app/controllers/posts_controller.rb:51
  [1m[35m (0.0ms)[0m  [1m[36mbegin transaction[0m
  ↳ app/controllers/posts_controller.rb:53
  [1m[36mPost Destroy (0.3ms)[0m  [1m[31mDELETE FROM "posts" WHERE "posts"."id" = ?[0m  [["id", 5]]
  ↳ app/controllers/posts_controller.rb:53
  [1m[35m (6.6ms)[0m  [1m[36mcommit transaction[0m
  ↳ app/controllers/posts_controller.rb:53
Redirected to http://localhost:3000/posts
Completed 302 Found in 10ms (ActiveRecord: 7.1ms)


Started GET "/posts" for 127.0.0.1 at 2018-09-09 22:17:45 -0400
Processing by PostsController#index as HTML
  Rendering posts/index.html.erb within layouts/application
  [1m[36mPost Load (0.3ms)[0m  [1m[34mSELECT "posts".* FROM "posts"[0m
  ↳ app/views/posts/index.html.erb:2
  Rendered posts/index.html.erb within layouts/application (2.8ms)
Completed 200 OK in 41ms (Views: 37.6ms | ActiveRecord: 0.3ms)


Started GET "/" for 127.0.0.1 at 2018-09-09 22:17:47 -0400
Processing by PostsController#index as HTML
  Rendering posts/index.html.erb within layouts/application
  [1m[36mPost Load (0.2ms)[0m  [1m[34mSELECT "posts".* FROM "posts"[0m
  ↳ app/views/posts/index.html.erb:2
  Rendered posts/index.html.erb within layouts/application (2.1ms)
Completed 200 OK in 46ms (Views: 41.9ms | ActiveRecord: 0.2ms)


Started GET "/posts/new" for 127.0.0.1 at 2018-09-09 22:17:48 -0400
Processing by PostsController#new as HTML
  Rendering posts/new.html.erb within layouts/application
  Rendered posts/new.html.erb within layouts/application (1.8ms)
Completed 200 OK in 37ms (Views: 33.0ms | ActiveRecord: 0.0ms)


Started GET "/" for 127.0.0.1 at 2018-09-09 22:17:50 -0400
Processing by PostsController#index as HTML
  Rendering posts/index.html.erb within layouts/application
  [1m[36mPost Load (0.2ms)[0m  [1m[34mSELECT "posts".* FROM "posts"[0m
  ↳ app/views/posts/index.html.erb:2
  Rendered posts/index.html.erb within layouts/application (1.9ms)
Completed 200 OK in 44ms (Views: 39.7ms | ActiveRecord: 0.2ms)


Started GET "/posts/3" for 127.0.0.1 at 2018-09-09 22:17:51 -0400
Processing by PostsController#show as HTML
  Parameters: {"id"=>"3"}
  [1m[36mPost Load (0.2ms)[0m  [1m[34mSELECT  "posts".* FROM "posts" WHERE "posts"."id" = ? LIMIT ?[0m  [["id", 3], ["LIMIT", 1]]
  ↳ app/controllers/posts_controller.rb:14
  Rendering posts/show.html.erb within layouts/application
  [1m[36mComment Load (0.3ms)[0m  [1m[34mSELECT "comments".* FROM "comments" WHERE "comments"."post_id" = ?[0m  [["post_id", 3]]
  ↳ app/views/comments/_comments.html.erb:2
  Rendered comments/_comments.html.erb (1.9ms)
  Rendered comments/_form.html.erb (2.9ms)
  Rendered posts/show.html.erb within layouts/application (11.0ms)
Completed 200 OK in 48ms (Views: 42.9ms | ActiveRecord: 0.5ms)


Started GET "/posts/3/edit" for 127.0.0.1 at 2018-09-09 22:17:54 -0400
Processing by PostsController#edit as HTML
  Parameters: {"id"=>"3"}
  [1m[36mPost Load (0.2ms)[0m  [1m[34mSELECT  "posts".* FROM "posts" WHERE "posts"."id" = ? LIMIT ?[0m  [["id", 3], ["LIMIT", 1]]
  ↳ app/controllers/posts_controller.rb:36
  Rendering posts/edit.html.erb within layouts/application
  Rendered posts/edit.html.erb within layouts/application (2.5ms)
Completed 200 OK in 41ms (Views: 36.2ms | ActiveRecord: 0.2ms)


Started PATCH "/posts/3" for 127.0.0.1 at 2018-09-09 22:18:04 -0400
Processing by PostsController#update as HTML
  Parameters: {"utf8"=>"✓", "authenticity_token"=>"olwSJiK8PN4UNGkKzvbEo+p7QFDBy5xG0o9TwrsUjJHw/bPAz9HHzk6c7ybSV3MxIMSXdlFu9dSYv4zdOW9PBA==", "post"=>{"title"=>"Post two", "body"=>"Posting second time"}, "commit"=>"Save Post", "id"=>"3"}
  [1m[36mPost Load (0.2ms)[0m  [1m[34mSELECT  "posts".* FROM "posts" WHERE "posts"."id" = ? LIMIT ?[0m  [["id", 3], ["LIMIT", 1]]
  ↳ app/controllers/posts_controller.rb:41
  [1m[35m (0.1ms)[0m  [1m[36mbegin transaction[0m
  ↳ app/controllers/posts_controller.rb:43
  [1m[36mPost Update (0.6ms)[0m  [1m[33mUPDATE "posts" SET "body" = ?, "updated_at" = ? WHERE "posts"."id" = ?[0m  [["body", "Posting second time"], ["updated_at", "2018-09-10 02:18:04.402599"], ["id", 3]]
  ↳ app/controllers/posts_controller.rb:43
  [1m[35m (1.9ms)[0m  [1m[36mcommit transaction[0m
  ↳ app/controllers/posts_controller.rb:43
Redirected to http://localhost:3000/posts/3
Completed 302 Found in 10ms (ActiveRecord: 2.9ms)


Started GET "/posts/3" for 127.0.0.1 at 2018-09-09 22:18:04 -0400
Processing by PostsController#show as HTML
  Parameters: {"id"=>"3"}
  [1m[36mPost Load (0.2ms)[0m  [1m[34mSELECT  "posts".* FROM "posts" WHERE "posts"."id" = ? LIMIT ?[0m  [["id", 3], ["LIMIT", 1]]
  ↳ app/controllers/posts_controller.rb:14
  Rendering posts/show.html.erb within layouts/application
  [1m[36mComment Load (0.3ms)[0m  [1m[34mSELECT "comments".* FROM "comments" WHERE "comments"."post_id" = ?[0m  [["post_id", 3]]
  ↳ app/views/comments/_comments.html.erb:2
  Rendered comments/_comments.html.erb (2.3ms)
  Rendered comments/_form.html.erb (2.9ms)
  Rendered posts/show.html.erb within layouts/application (14.2ms)
Completed 200 OK in 53ms (Views: 48.1ms | ActiveRecord: 0.5ms)


Started GET "/" for 127.0.0.1 at 2018-09-09 22:18:08 -0400
Processing by PostsController#index as HTML
  Rendering posts/index.html.erb within layouts/application
  [1m[36mPost Load (0.3ms)[0m  [1m[34mSELECT "posts".* FROM "posts"[0m
  ↳ app/views/posts/index.html.erb:2
  Rendered posts/index.html.erb within layouts/application (2.0ms)
Completed 200 OK in 42ms (Views: 37.6ms | ActiveRecord: 0.3ms)


